<?xml version="1.0" encoding="UTF-8"?>
<testsuite xmlns:xsi="http://www.w3.org/2001/XMLSchema-instance" xsi:noNamespaceSchemaLocation="https://maven.apache.org/surefire/maven-surefire-plugin/xsd/surefire-test-report-3.0.xsd" version="3.0" name="TestSuite" time="134.891" tests="9" errors="0" skipped="0" failures="0">
  <properties>
    <property name="java.specification.version" value="17"/>
    <property name="webdriver.chrome.driver" value="C:\Users\sowji\.cache\selenium\chromedriver\win32\111.0.5563.64\chromedriver.exe"/>
    <property name="sun.cpu.isalist" value="amd64"/>
    <property name="sun.jnu.encoding" value="Cp1252"/>
    <property name="java.class.path" value="C:\Users\sowji\eclipseworkspace1\SimpliLearn_CapstoneProj\target\test-classes;C:\Users\sowji\eclipseworkspace1\SimpliLearn_CapstoneProj\target\classes;C:\Users\sowji\.m2\repository\io\rest-assured\rest-assured\4.3.1\rest-assured-4.3.1.jar;C:\Users\sowji\.m2\repository\org\codehaus\groovy\groovy\3.0.3\groovy-3.0.3.jar;C:\Users\sowji\.m2\repository\org\codehaus\groovy\groovy-xml\3.0.3\groovy-xml-3.0.3.jar;C:\Users\sowji\.m2\repository\org\apache\httpcomponents\httpclient\4.5.3\httpclient-4.5.3.jar;C:\Users\sowji\.m2\repository\org\apache\httpcomponents\httpcore\4.4.6\httpcore-4.4.6.jar;C:\Users\sowji\.m2\repository\commons-logging\commons-logging\1.2\commons-logging-1.2.jar;C:\Users\sowji\.m2\repository\commons-codec\commons-codec\1.9\commons-codec-1.9.jar;C:\Users\sowji\.m2\repository\org\apache\httpcomponents\httpmime\4.5.3\httpmime-4.5.3.jar;C:\Users\sowji\.m2\repository\org\hamcrest\hamcrest\2.1\hamcrest-2.1.jar;C:\Users\sowji\.m2\repository\org\ccil\cowan\tagsoup\tagsoup\1.2.1\tagsoup-1.2.1.jar;C:\Users\sowji\.m2\repository\io\rest-assured\xml-path\4.3.1\xml-path-4.3.1.jar;C:\Users\sowji\.m2\repository\jakarta\xml\bind\jakarta.xml.bind-api\2.3.3\jakarta.xml.bind-api-2.3.3.jar;C:\Users\sowji\.m2\repository\jakarta\activation\jakarta.activation-api\1.2.2\jakarta.activation-api-1.2.2.jar;C:\Users\sowji\.m2\repository\com\sun\xml\bind\jaxb-impl\2.3.3\jaxb-impl-2.3.3.jar;C:\Users\sowji\.m2\repository\io\rest-assured\json-path\4.3.1\json-path-4.3.1.jar;C:\Users\sowji\.m2\repository\org\codehaus\groovy\groovy-json\3.0.3\groovy-json-3.0.3.jar;C:\Users\sowji\.m2\repository\io\rest-assured\rest-assured-common\4.3.1\rest-assured-common-4.3.1.jar;C:\Users\sowji\.m2\repository\io\rest-assured\json-schema-validator\4.3.1\json-schema-validator-4.3.1.jar;C:\Users\sowji\.m2\repository\com\github\java-json-tools\json-schema-validator\2.2.10\json-schema-validator-2.2.10.jar;C:\Users\sowji\.m2\repository\com\github\java-json-tools\json-schema-core\1.2.10\json-schema-core-1.2.10.jar;C:\Users\sowji\.m2\repository\com\github\java-json-tools\jackson-coreutils\1.9\jackson-coreutils-1.9.jar;C:\Users\sowji\.m2\repository\com\github\fge\msg-simple\1.1\msg-simple-1.1.jar;C:\Users\sowji\.m2\repository\com\github\fge\btf\1.2\btf-1.2.jar;C:\Users\sowji\.m2\repository\com\github\fge\uri-template\0.9\uri-template-0.9.jar;C:\Users\sowji\.m2\repository\org\mozilla\rhino\1.7.7.1\rhino-1.7.7.1.jar;C:\Users\sowji\.m2\repository\javax\mail\mailapi\1.4.3\mailapi-1.4.3.jar;C:\Users\sowji\.m2\repository\javax\activation\activation\1.1\activation-1.1.jar;C:\Users\sowji\.m2\repository\joda-time\joda-time\2.9.7\joda-time-2.9.7.jar;C:\Users\sowji\.m2\repository\com\googlecode\libphonenumber\libphonenumber\8.0.0\libphonenumber-8.0.0.jar;C:\Users\sowji\.m2\repository\net\sf\jopt-simple\jopt-simple\5.0.3\jopt-simple-5.0.3.jar;C:\Users\sowji\.m2\repository\org\json\json\20210307\json-20210307.jar;C:\Users\sowji\.m2\repository\org\seleniumhq\selenium\selenium-http-jdk-client\4.8.1\selenium-http-jdk-client-4.8.1.jar;C:\Users\sowji\.m2\repository\com\google\auto\service\auto-service-annotations\1.0.1\auto-service-annotations-1.0.1.jar;C:\Users\sowji\.m2\repository\com\google\auto\service\auto-service\1.0.1\auto-service-1.0.1.jar;C:\Users\sowji\.m2\repository\com\google\auto\auto-common\1.2\auto-common-1.2.jar;C:\Users\sowji\.m2\repository\org\seleniumhq\selenium\selenium-api\4.8.1\selenium-api-4.8.1.jar;C:\Users\sowji\.m2\repository\org\seleniumhq\selenium\selenium-http\4.8.1\selenium-http-4.8.1.jar;C:\Users\sowji\.m2\repository\dev\failsafe\failsafe\3.3.0\failsafe-3.3.0.jar;C:\Users\sowji\.m2\repository\org\seleniumhq\selenium\selenium-chrome-driver\4.5.3\selenium-chrome-driver-4.5.3.jar;C:\Users\sowji\.m2\repository\org\seleniumhq\selenium\selenium-chromium-driver\4.5.3\selenium-chromium-driver-4.5.3.jar;C:\Users\sowji\.m2\repository\org\seleniumhq\selenium\selenium-json\4.5.3\selenium-json-4.5.3.jar;C:\Users\sowji\.m2\repository\org\seleniumhq\selenium\selenium-remote-driver\4.5.3\selenium-remote-driver-4.5.3.jar;C:\Users\sowji\.m2\repository\io\netty\netty-buffer\4.1.84.Final\netty-buffer-4.1.84.Final.jar;C:\Users\sowji\.m2\repository\io\netty\netty-codec-http\4.1.84.Final\netty-codec-http-4.1.84.Final.jar;C:\Users\sowji\.m2\repository\io\netty\netty-codec\4.1.84.Final\netty-codec-4.1.84.Final.jar;C:\Users\sowji\.m2\repository\io\netty\netty-handler\4.1.84.Final\netty-handler-4.1.84.Final.jar;C:\Users\sowji\.m2\repository\io\netty\netty-common\4.1.84.Final\netty-common-4.1.84.Final.jar;C:\Users\sowji\.m2\repository\io\netty\netty-transport-classes-epoll\4.1.84.Final\netty-transport-classes-epoll-4.1.84.Final.jar;C:\Users\sowji\.m2\repository\io\netty\netty-transport-classes-kqueue\4.1.84.Final\netty-transport-classes-kqueue-4.1.84.Final.jar;C:\Users\sowji\.m2\repository\io\netty\netty-transport-native-epoll\4.1.84.Final\netty-transport-native-epoll-4.1.84.Final.jar;C:\Users\sowji\.m2\repository\io\netty\netty-transport-native-kqueue\4.1.84.Final\netty-transport-native-kqueue-4.1.84.Final.jar;C:\Users\sowji\.m2\repository\io\netty\netty-transport-native-unix-common\4.1.84.Final\netty-transport-native-unix-common-4.1.84.Final.jar;C:\Users\sowji\.m2\repository\io\netty\netty-transport\4.1.84.Final\netty-transport-4.1.84.Final.jar;C:\Users\sowji\.m2\repository\io\netty\netty-resolver\4.1.84.Final\netty-resolver-4.1.84.Final.jar;C:\Users\sowji\.m2\repository\io\opentelemetry\opentelemetry-api\1.19.0\opentelemetry-api-1.19.0.jar;C:\Users\sowji\.m2\repository\io\opentelemetry\opentelemetry-context\1.19.0\opentelemetry-context-1.19.0.jar;C:\Users\sowji\.m2\repository\io\opentelemetry\opentelemetry-exporter-logging\1.19.0\opentelemetry-exporter-logging-1.19.0.jar;C:\Users\sowji\.m2\repository\io\opentelemetry\opentelemetry-sdk-metrics\1.19.0\opentelemetry-sdk-metrics-1.19.0.jar;C:\Users\sowji\.m2\repository\io\opentelemetry\opentelemetry-sdk-logs\1.19.0-alpha\opentelemetry-sdk-logs-1.19.0-alpha.jar;C:\Users\sowji\.m2\repository\io\opentelemetry\opentelemetry-api-logs\1.19.0-alpha\opentelemetry-api-logs-1.19.0-alpha.jar;C:\Users\sowji\.m2\repository\io\opentelemetry\opentelemetry-sdk-common\1.19.0\opentelemetry-sdk-common-1.19.0.jar;C:\Users\sowji\.m2\repository\io\opentelemetry\opentelemetry-sdk-extension-autoconfigure-spi\1.19.0\opentelemetry-sdk-extension-autoconfigure-spi-1.19.0.jar;C:\Users\sowji\.m2\repository\io\opentelemetry\opentelemetry-sdk-extension-autoconfigure\1.19.0-alpha\opentelemetry-sdk-extension-autoconfigure-1.19.0-alpha.jar;C:\Users\sowji\.m2\repository\io\opentelemetry\opentelemetry-exporter-common\1.19.0\opentelemetry-exporter-common-1.19.0.jar;C:\Users\sowji\.m2\repository\io\opentelemetry\opentelemetry-sdk-trace\1.19.0\opentelemetry-sdk-trace-1.19.0.jar;C:\Users\sowji\.m2\repository\io\opentelemetry\opentelemetry-sdk\1.19.0\opentelemetry-sdk-1.19.0.jar;C:\Users\sowji\.m2\repository\io\opentelemetry\opentelemetry-semconv\1.19.0-alpha\opentelemetry-semconv-1.19.0-alpha.jar;C:\Users\sowji\.m2\repository\io\ous\jtoml\2.0.0\jtoml-2.0.0.jar;C:\Users\sowji\.m2\repository\org\asynchttpclient\async-http-client\2.12.3\async-http-client-2.12.3.jar;C:\Users\sowji\.m2\repository\org\asynchttpclient\async-http-client-netty-utils\2.12.3\async-http-client-netty-utils-2.12.3.jar;C:\Users\sowji\.m2\repository\io\netty\netty-codec-socks\4.1.60.Final\netty-codec-socks-4.1.60.Final.jar;C:\Users\sowji\.m2\repository\io\netty\netty-handler-proxy\4.1.60.Final\netty-handler-proxy-4.1.60.Final.jar;C:\Users\sowji\.m2\repository\io\netty\netty-transport-native-epoll\4.1.60.Final\netty-transport-native-epoll-4.1.60.Final-linux-x86_64.jar;C:\Users\sowji\.m2\repository\io\netty\netty-transport-native-kqueue\4.1.60.Final\netty-transport-native-kqueue-4.1.60.Final-osx-x86_64.jar;C:\Users\sowji\.m2\repository\com\typesafe\netty\netty-reactive-streams\2.0.4\netty-reactive-streams-2.0.4.jar;C:\Users\sowji\.m2\repository\com\sun\activation\jakarta.activation\1.2.2\jakarta.activation-1.2.2.jar;C:\Users\sowji\.m2\repository\org\seleniumhq\selenium\selenium-firefox-driver\3.141.59\selenium-firefox-driver-3.141.59.jar;C:\Users\sowji\.m2\repository\net\bytebuddy\byte-buddy\1.8.15\byte-buddy-1.8.15.jar;C:\Users\sowji\.m2\repository\org\apache\commons\commons-exec\1.3\commons-exec-1.3.jar;C:\Users\sowji\.m2\repository\com\squareup\okhttp3\okhttp\3.11.0\okhttp-3.11.0.jar;C:\Users\sowji\.m2\repository\com\squareup\okio\okio\1.14.0\okio-1.14.0.jar;C:\Users\sowji\.m2\repository\io\cucumber\cucumber-java\7.3.4\cucumber-java-7.3.4.jar;C:\Users\sowji\.m2\repository\io\cucumber\cucumber-core\7.3.4\cucumber-core-7.3.4.jar;C:\Users\sowji\.m2\repository\io\cucumber\cucumber-gherkin\7.3.4\cucumber-gherkin-7.3.4.jar;C:\Users\sowji\.m2\repository\io\cucumber\cucumber-gherkin-messages\7.3.4\cucumber-gherkin-messages-7.3.4.jar;C:\Users\sowji\.m2\repository\io\cucumber\gherkin\23.0.1\gherkin-23.0.1.jar;C:\Users\sowji\.m2\repository\io\cucumber\messages\18.0.0\messages-18.0.0.jar;C:\Users\sowji\.m2\repository\io\cucumber\tag-expressions\4.1.0\tag-expressions-4.1.0.jar;C:\Users\sowji\.m2\repository\io\cucumber\cucumber-expressions\15.1.1\cucumber-expressions-15.1.1.jar;C:\Users\sowji\.m2\repository\io\cucumber\datatable\7.3.4\datatable-7.3.4.jar;C:\Users\sowji\.m2\repository\io\cucumber\cucumber-plugin\7.3.4\cucumber-plugin-7.3.4.jar;C:\Users\sowji\.m2\repository\io\cucumber\docstring\7.3.4\docstring-7.3.4.jar;C:\Users\sowji\.m2\repository\io\cucumber\html-formatter\19.1.0\html-formatter-19.1.0.jar;C:\Users\sowji\.m2\repository\io\cucumber\ci-environment\9.0.4\ci-environment-9.0.4.jar;C:\Users\sowji\.m2\repository\org\apiguardian\apiguardian-api\1.1.2\apiguardian-api-1.1.2.jar;C:\Users\sowji\.m2\repository\io\cucumber\cucumber-testng\7.4.0\cucumber-testng-7.4.0.jar;C:\Users\sowji\.m2\repository\org\testng\testng\7.4.0\testng-7.4.0.jar;C:\Users\sowji\.m2\repository\org\webjars\jquery\3.5.1\jquery-3.5.1.jar;C:\Users\sowji\.m2\repository\org\uncommons\reportng\1.1.4\reportng-1.1.4.jar;C:\Users\sowji\.m2\repository\velocity\velocity\1.4\velocity-1.4.jar;C:\Users\sowji\.m2\repository\velocity\velocity-dep\1.4\velocity-dep-1.4.jar;C:\Users\sowji\.m2\repository\com\aventstack\extentreports\5.0.4\extentreports-5.0.4.jar;C:\Users\sowji\.m2\repository\io\reactivex\rxjava3\rxjava\3.0.4\rxjava-3.0.4.jar;C:\Users\sowji\.m2\repository\org\reactivestreams\reactive-streams\1.0.3\reactive-streams-1.0.3.jar;C:\Users\sowji\.m2\repository\org\freemarker\freemarker\2.3.30\freemarker-2.3.30.jar;C:\Users\sowji\.m2\repository\org\projectlombok\lombok\1.18.12\lombok-1.18.12.jar;C:\Users\sowji\.m2\repository\com\google\code\gson\gson\2.8.6\gson-2.8.6.jar;C:\Users\sowji\.m2\repository\tech\grasshopper\extentreports-cucumber7-adapter\1.9.2\extentreports-cucumber7-adapter-1.9.2.jar;C:\Users\sowji\.m2\repository\tech\grasshopper\extent-pdf-report\2.9.1\extent-pdf-report-2.9.1.jar;C:\Users\sowji\.m2\repository\tech\grasshopper\cucumber-pdf-report\2.11.1\cucumber-pdf-report-2.11.1.jar;C:\Users\sowji\.m2\repository\org\apache\pdfbox\pdfbox\2.0.26\pdfbox-2.0.26.jar;C:\Users\sowji\.m2\repository\org\apache\pdfbox\fontbox\2.0.26\fontbox-2.0.26.jar;C:\Users\sowji\.m2\repository\org\knowm\xchart\xchart\3.8.0\xchart-3.8.0.jar;C:\Users\sowji\.m2\repository\de\erichseifert\vectorgraphics2d\VectorGraphics2D\0.13\VectorGraphics2D-0.13.jar;C:\Users\sowji\.m2\repository\de\rototor\pdfbox\graphics2d\0.30\graphics2d-0.30.jar;C:\Users\sowji\.m2\repository\com\madgag\animated-gif-lib\1.4\animated-gif-lib-1.4.jar;C:\Users\sowji\.m2\repository\tech\grasshopper\table-layout\1.5.1\table-layout-1.5.1.jar;C:\Users\sowji\.m2\repository\tech\grasshopper\rest-assured-cucumber-pdf-report\1.4.1\rest-assured-cucumber-pdf-report-1.4.1.jar;C:\Users\sowji\.m2\repository\org\jsoup\jsoup\1.15.3\jsoup-1.15.3.jar;C:\Users\sowji\.m2\repository\com\aventstack\klov-reporter\5.0.9\klov-reporter-5.0.9.jar;C:\Users\sowji\.m2\repository\org\mongodb\mongodb-driver\3.6.4\mongodb-driver-3.6.4.jar;C:\Users\sowji\.m2\repository\org\mongodb\mongodb-driver-core\3.6.4\mongodb-driver-core-3.6.4.jar;C:\Users\sowji\.m2\repository\org\mongodb\bson\3.6.4\bson-3.6.4.jar;C:\Users\sowji\.m2\repository\tech\grasshopper\htmlextentreporter\1.0.1\htmlextentreporter-1.0.1.jar;C:\Users\sowji\.m2\repository\org\seleniumhq\selenium\selenium-java\4.2.0\selenium-java-4.2.0.jar;C:\Users\sowji\.m2\repository\org\seleniumhq\selenium\selenium-devtools-v100\4.2.0\selenium-devtools-v100-4.2.0.jar;C:\Users\sowji\.m2\repository\org\seleniumhq\selenium\selenium-devtools-v101\4.2.0\selenium-devtools-v101-4.2.0.jar;C:\Users\sowji\.m2\repository\org\seleniumhq\selenium\selenium-devtools-v102\4.2.0\selenium-devtools-v102-4.2.0.jar;C:\Users\sowji\.m2\repository\org\seleniumhq\selenium\selenium-devtools-v85\4.2.0\selenium-devtools-v85-4.2.0.jar;C:\Users\sowji\.m2\repository\org\seleniumhq\selenium\selenium-edge-driver\4.2.0\selenium-edge-driver-4.2.0.jar;C:\Users\sowji\.m2\repository\org\seleniumhq\selenium\selenium-ie-driver\4.2.0\selenium-ie-driver-4.2.0.jar;C:\Users\sowji\.m2\repository\org\seleniumhq\selenium\selenium-opera-driver\4.2.0\selenium-opera-driver-4.2.0.jar;C:\Users\sowji\.m2\repository\org\seleniumhq\selenium\selenium-safari-driver\4.2.0\selenium-safari-driver-4.2.0.jar;C:\Users\sowji\.m2\repository\org\seleniumhq\selenium\selenium-support\4.2.0\selenium-support-4.2.0.jar;C:\Users\sowji\.m2\repository\org\seleniumhq\selenium\selenium-server\3.141.59\selenium-server-3.141.59.jar;C:\Users\sowji\.m2\repository\net\jcip\jcip-annotations\1.0\jcip-annotations-1.0.jar;C:\Users\sowji\.m2\repository\org\seleniumhq\selenium\jetty-repacked\9.4.12.v20180830\jetty-repacked-9.4.12.v20180830.jar;C:\Users\sowji\.m2\repository\javax\servlet\javax.servlet-api\3.1.0\javax.servlet-api-3.1.0.jar;C:\Users\sowji\.m2\repository\org\yaml\snakeyaml\1.19\snakeyaml-1.19.jar;C:\Users\sowji\.m2\repository\io\github\bonigarcia\webdrivermanager\5.3.2\webdrivermanager-5.3.2.jar;C:\Users\sowji\.m2\repository\com\github\docker-java\docker-java\3.2.14\docker-java-3.2.14.jar;C:\Users\sowji\.m2\repository\com\github\docker-java\docker-java-core\3.2.14\docker-java-core-3.2.14.jar;C:\Users\sowji\.m2\repository\com\github\docker-java\docker-java-api\3.2.14\docker-java-api-3.2.14.jar;C:\Users\sowji\.m2\repository\com\fasterxml\jackson\core\jackson-annotations\2.10.3\jackson-annotations-2.10.3.jar;C:\Users\sowji\.m2\repository\org\apache\commons\commons-compress\1.21\commons-compress-1.21.jar;C:\Users\sowji\.m2\repository\com\fasterxml\jackson\core\jackson-databind\2.10.3\jackson-databind-2.10.3.jar;C:\Users\sowji\.m2\repository\com\fasterxml\jackson\core\jackson-core\2.10.3\jackson-core-2.10.3.jar;C:\Users\sowji\.m2\repository\org\bouncycastle\bcpkix-jdk15on\1.64\bcpkix-jdk15on-1.64.jar;C:\Users\sowji\.m2\repository\org\bouncycastle\bcprov-jdk15on\1.64\bcprov-jdk15on-1.64.jar;C:\Users\sowji\.m2\repository\org\slf4j\jcl-over-slf4j\1.7.30\jcl-over-slf4j-1.7.30.jar;C:\Users\sowji\.m2\repository\com\github\docker-java\docker-java-transport-httpclient5\3.2.14\docker-java-transport-httpclient5-3.2.14.jar;C:\Users\sowji\.m2\repository\com\github\docker-java\docker-java-transport\3.2.14\docker-java-transport-3.2.14.jar;C:\Users\sowji\.m2\repository\net\java\dev\jna\jna\5.12.1\jna-5.12.1.jar;C:\Users\sowji\.m2\repository\org\brotli\dec\0.1.2\dec-0.1.2.jar;C:\Users\sowji\.m2\repository\org\apache\commons\commons-lang3\3.12.0\commons-lang3-3.12.0.jar;C:\Users\sowji\.m2\repository\org\apache\httpcomponents\client5\httpclient5\5.2.1\httpclient5-5.2.1.jar;C:\Users\sowji\.m2\repository\org\apache\httpcomponents\core5\httpcore5\5.2\httpcore5-5.2.jar;C:\Users\sowji\.m2\repository\org\apache\httpcomponents\core5\httpcore5-h2\5.2\httpcore5-h2-5.2.jar;C:\Users\sowji\.m2\repository\org\slf4j\slf4j-api\1.7.5\slf4j-api-1.7.5.jar;C:\Users\sowji\.m2\repository\org\slf4j\slf4j-simple\1.6.4\slf4j-simple-1.6.4.jar;C:\Users\sowji\.m2\repository\com\google\guava\guava\31.0.1-jre\guava-31.0.1-jre.jar;C:\Users\sowji\.m2\repository\com\google\guava\failureaccess\1.0.1\failureaccess-1.0.1.jar;C:\Users\sowji\.m2\repository\com\google\guava\listenablefuture\9999.0-empty-to-avoid-conflict-with-guava\listenablefuture-9999.0-empty-to-avoid-conflict-with-guava.jar;C:\Users\sowji\.m2\repository\com\google\code\findbugs\jsr305\3.0.2\jsr305-3.0.2.jar;C:\Users\sowji\.m2\repository\org\checkerframework\checker-qual\3.12.0\checker-qual-3.12.0.jar;C:\Users\sowji\.m2\repository\com\google\errorprone\error_prone_annotations\2.7.1\error_prone_annotations-2.7.1.jar;C:\Users\sowji\.m2\repository\com\google\j2objc\j2objc-annotations\1.3\j2objc-annotations-1.3.jar;C:\Users\sowji\.m2\repository\commons-io\commons-io\2.11.0\commons-io-2.11.0.jar;C:\Users\sowji\.m2\repository\com\beust\jcommander\1.82\jcommander-1.82.jar;C:\Users\sowji\.m2\repository\com\google\inject\guice\5.1.0\guice-5.1.0.jar;C:\Users\sowji\.m2\repository\javax\inject\javax.inject\1\javax.inject-1.jar;C:\Users\sowji\.m2\repository\aopalliance\aopalliance\1.0\aopalliance-1.0.jar;C:\Users\sowji\.m2\repository\com\mysql\mysql-connector-j\8.0.32\mysql-connector-j-8.0.32.jar;C:\Users\sowji\.m2\repository\com\google\protobuf\protobuf-java\3.21.9\protobuf-java-3.21.9.jar;C:\Users\sowji\.m2\repository\org\mariadb\jdbc\mariadb-java-client\2.6.2\mariadb-java-client-2.6.2.jar;"/>
    <property name="java.vm.vendor" value="Eclipse Adoptium"/>
    <property name="sun.arch.data.model" value="64"/>
    <property name="user.variant" value=""/>
    <property name="java.vendor.url" value="https://adoptium.net/"/>
    <property name="user.timezone" value="Asia/Calcutta"/>
    <property name="os.name" value="Windows 11"/>
    <property name="java.vm.specification.version" value="17"/>
    <property name="sun.java.launcher" value="SUN_STANDARD"/>
    <property name="user.country" value="IN"/>
    <property name="sun.boot.library.path" value="C:\Users\sowji\.p2\pool\plugins\org.eclipse.justj.openjdk.hotspot.jre.full.win32.x86_64_17.0.6.v20230204-1729\jre\bin"/>
    <property name="sun.java.command" value="C:\Users\sowji\AppData\Local\Temp\surefire5561434350365193366\surefirebooter-20230319165303547_3.jar C:\Users\sowji\AppData\Local\Temp\surefire5561434350365193366 2023-03-19T16-53-02_983-jvmRun1 surefire-20230319165303547_1tmp surefire_0-20230319165303547_2tmp"/>
    <property name="jdk.debug" value="release"/>
    <property name="surefire.test.class.path" value="C:\Users\sowji\eclipseworkspace1\SimpliLearn_CapstoneProj\target\test-classes;C:\Users\sowji\eclipseworkspace1\SimpliLearn_CapstoneProj\target\classes;C:\Users\sowji\.m2\repository\io\rest-assured\rest-assured\4.3.1\rest-assured-4.3.1.jar;C:\Users\sowji\.m2\repository\org\codehaus\groovy\groovy\3.0.3\groovy-3.0.3.jar;C:\Users\sowji\.m2\repository\org\codehaus\groovy\groovy-xml\3.0.3\groovy-xml-3.0.3.jar;C:\Users\sowji\.m2\repository\org\apache\httpcomponents\httpclient\4.5.3\httpclient-4.5.3.jar;C:\Users\sowji\.m2\repository\org\apache\httpcomponents\httpcore\4.4.6\httpcore-4.4.6.jar;C:\Users\sowji\.m2\repository\commons-logging\commons-logging\1.2\commons-logging-1.2.jar;C:\Users\sowji\.m2\repository\commons-codec\commons-codec\1.9\commons-codec-1.9.jar;C:\Users\sowji\.m2\repository\org\apache\httpcomponents\httpmime\4.5.3\httpmime-4.5.3.jar;C:\Users\sowji\.m2\repository\org\hamcrest\hamcrest\2.1\hamcrest-2.1.jar;C:\Users\sowji\.m2\repository\org\ccil\cowan\tagsoup\tagsoup\1.2.1\tagsoup-1.2.1.jar;C:\Users\sowji\.m2\repository\io\rest-assured\xml-path\4.3.1\xml-path-4.3.1.jar;C:\Users\sowji\.m2\repository\jakarta\xml\bind\jakarta.xml.bind-api\2.3.3\jakarta.xml.bind-api-2.3.3.jar;C:\Users\sowji\.m2\repository\jakarta\activation\jakarta.activation-api\1.2.2\jakarta.activation-api-1.2.2.jar;C:\Users\sowji\.m2\repository\com\sun\xml\bind\jaxb-impl\2.3.3\jaxb-impl-2.3.3.jar;C:\Users\sowji\.m2\repository\io\rest-assured\json-path\4.3.1\json-path-4.3.1.jar;C:\Users\sowji\.m2\repository\org\codehaus\groovy\groovy-json\3.0.3\groovy-json-3.0.3.jar;C:\Users\sowji\.m2\repository\io\rest-assured\rest-assured-common\4.3.1\rest-assured-common-4.3.1.jar;C:\Users\sowji\.m2\repository\io\rest-assured\json-schema-validator\4.3.1\json-schema-validator-4.3.1.jar;C:\Users\sowji\.m2\repository\com\github\java-json-tools\json-schema-validator\2.2.10\json-schema-validator-2.2.10.jar;C:\Users\sowji\.m2\repository\com\github\java-json-tools\json-schema-core\1.2.10\json-schema-core-1.2.10.jar;C:\Users\sowji\.m2\repository\com\github\java-json-tools\jackson-coreutils\1.9\jackson-coreutils-1.9.jar;C:\Users\sowji\.m2\repository\com\github\fge\msg-simple\1.1\msg-simple-1.1.jar;C:\Users\sowji\.m2\repository\com\github\fge\btf\1.2\btf-1.2.jar;C:\Users\sowji\.m2\repository\com\github\fge\uri-template\0.9\uri-template-0.9.jar;C:\Users\sowji\.m2\repository\org\mozilla\rhino\1.7.7.1\rhino-1.7.7.1.jar;C:\Users\sowji\.m2\repository\javax\mail\mailapi\1.4.3\mailapi-1.4.3.jar;C:\Users\sowji\.m2\repository\javax\activation\activation\1.1\activation-1.1.jar;C:\Users\sowji\.m2\repository\joda-time\joda-time\2.9.7\joda-time-2.9.7.jar;C:\Users\sowji\.m2\repository\com\googlecode\libphonenumber\libphonenumber\8.0.0\libphonenumber-8.0.0.jar;C:\Users\sowji\.m2\repository\net\sf\jopt-simple\jopt-simple\5.0.3\jopt-simple-5.0.3.jar;C:\Users\sowji\.m2\repository\org\json\json\20210307\json-20210307.jar;C:\Users\sowji\.m2\repository\org\seleniumhq\selenium\selenium-http-jdk-client\4.8.1\selenium-http-jdk-client-4.8.1.jar;C:\Users\sowji\.m2\repository\com\google\auto\service\auto-service-annotations\1.0.1\auto-service-annotations-1.0.1.jar;C:\Users\sowji\.m2\repository\com\google\auto\service\auto-service\1.0.1\auto-service-1.0.1.jar;C:\Users\sowji\.m2\repository\com\google\auto\auto-common\1.2\auto-common-1.2.jar;C:\Users\sowji\.m2\repository\org\seleniumhq\selenium\selenium-api\4.8.1\selenium-api-4.8.1.jar;C:\Users\sowji\.m2\repository\org\seleniumhq\selenium\selenium-http\4.8.1\selenium-http-4.8.1.jar;C:\Users\sowji\.m2\repository\dev\failsafe\failsafe\3.3.0\failsafe-3.3.0.jar;C:\Users\sowji\.m2\repository\org\seleniumhq\selenium\selenium-chrome-driver\4.5.3\selenium-chrome-driver-4.5.3.jar;C:\Users\sowji\.m2\repository\org\seleniumhq\selenium\selenium-chromium-driver\4.5.3\selenium-chromium-driver-4.5.3.jar;C:\Users\sowji\.m2\repository\org\seleniumhq\selenium\selenium-json\4.5.3\selenium-json-4.5.3.jar;C:\Users\sowji\.m2\repository\org\seleniumhq\selenium\selenium-remote-driver\4.5.3\selenium-remote-driver-4.5.3.jar;C:\Users\sowji\.m2\repository\io\netty\netty-buffer\4.1.84.Final\netty-buffer-4.1.84.Final.jar;C:\Users\sowji\.m2\repository\io\netty\netty-codec-http\4.1.84.Final\netty-codec-http-4.1.84.Final.jar;C:\Users\sowji\.m2\repository\io\netty\netty-codec\4.1.84.Final\netty-codec-4.1.84.Final.jar;C:\Users\sowji\.m2\repository\io\netty\netty-handler\4.1.84.Final\netty-handler-4.1.84.Final.jar;C:\Users\sowji\.m2\repository\io\netty\netty-common\4.1.84.Final\netty-common-4.1.84.Final.jar;C:\Users\sowji\.m2\repository\io\netty\netty-transport-classes-epoll\4.1.84.Final\netty-transport-classes-epoll-4.1.84.Final.jar;C:\Users\sowji\.m2\repository\io\netty\netty-transport-classes-kqueue\4.1.84.Final\netty-transport-classes-kqueue-4.1.84.Final.jar;C:\Users\sowji\.m2\repository\io\netty\netty-transport-native-epoll\4.1.84.Final\netty-transport-native-epoll-4.1.84.Final.jar;C:\Users\sowji\.m2\repository\io\netty\netty-transport-native-kqueue\4.1.84.Final\netty-transport-native-kqueue-4.1.84.Final.jar;C:\Users\sowji\.m2\repository\io\netty\netty-transport-native-unix-common\4.1.84.Final\netty-transport-native-unix-common-4.1.84.Final.jar;C:\Users\sowji\.m2\repository\io\netty\netty-transport\4.1.84.Final\netty-transport-4.1.84.Final.jar;C:\Users\sowji\.m2\repository\io\netty\netty-resolver\4.1.84.Final\netty-resolver-4.1.84.Final.jar;C:\Users\sowji\.m2\repository\io\opentelemetry\opentelemetry-api\1.19.0\opentelemetry-api-1.19.0.jar;C:\Users\sowji\.m2\repository\io\opentelemetry\opentelemetry-context\1.19.0\opentelemetry-context-1.19.0.jar;C:\Users\sowji\.m2\repository\io\opentelemetry\opentelemetry-exporter-logging\1.19.0\opentelemetry-exporter-logging-1.19.0.jar;C:\Users\sowji\.m2\repository\io\opentelemetry\opentelemetry-sdk-metrics\1.19.0\opentelemetry-sdk-metrics-1.19.0.jar;C:\Users\sowji\.m2\repository\io\opentelemetry\opentelemetry-sdk-logs\1.19.0-alpha\opentelemetry-sdk-logs-1.19.0-alpha.jar;C:\Users\sowji\.m2\repository\io\opentelemetry\opentelemetry-api-logs\1.19.0-alpha\opentelemetry-api-logs-1.19.0-alpha.jar;C:\Users\sowji\.m2\repository\io\opentelemetry\opentelemetry-sdk-common\1.19.0\opentelemetry-sdk-common-1.19.0.jar;C:\Users\sowji\.m2\repository\io\opentelemetry\opentelemetry-sdk-extension-autoconfigure-spi\1.19.0\opentelemetry-sdk-extension-autoconfigure-spi-1.19.0.jar;C:\Users\sowji\.m2\repository\io\opentelemetry\opentelemetry-sdk-extension-autoconfigure\1.19.0-alpha\opentelemetry-sdk-extension-autoconfigure-1.19.0-alpha.jar;C:\Users\sowji\.m2\repository\io\opentelemetry\opentelemetry-exporter-common\1.19.0\opentelemetry-exporter-common-1.19.0.jar;C:\Users\sowji\.m2\repository\io\opentelemetry\opentelemetry-sdk-trace\1.19.0\opentelemetry-sdk-trace-1.19.0.jar;C:\Users\sowji\.m2\repository\io\opentelemetry\opentelemetry-sdk\1.19.0\opentelemetry-sdk-1.19.0.jar;C:\Users\sowji\.m2\repository\io\opentelemetry\opentelemetry-semconv\1.19.0-alpha\opentelemetry-semconv-1.19.0-alpha.jar;C:\Users\sowji\.m2\repository\io\ous\jtoml\2.0.0\jtoml-2.0.0.jar;C:\Users\sowji\.m2\repository\org\asynchttpclient\async-http-client\2.12.3\async-http-client-2.12.3.jar;C:\Users\sowji\.m2\repository\org\asynchttpclient\async-http-client-netty-utils\2.12.3\async-http-client-netty-utils-2.12.3.jar;C:\Users\sowji\.m2\repository\io\netty\netty-codec-socks\4.1.60.Final\netty-codec-socks-4.1.60.Final.jar;C:\Users\sowji\.m2\repository\io\netty\netty-handler-proxy\4.1.60.Final\netty-handler-proxy-4.1.60.Final.jar;C:\Users\sowji\.m2\repository\io\netty\netty-transport-native-epoll\4.1.60.Final\netty-transport-native-epoll-4.1.60.Final-linux-x86_64.jar;C:\Users\sowji\.m2\repository\io\netty\netty-transport-native-kqueue\4.1.60.Final\netty-transport-native-kqueue-4.1.60.Final-osx-x86_64.jar;C:\Users\sowji\.m2\repository\com\typesafe\netty\netty-reactive-streams\2.0.4\netty-reactive-streams-2.0.4.jar;C:\Users\sowji\.m2\repository\com\sun\activation\jakarta.activation\1.2.2\jakarta.activation-1.2.2.jar;C:\Users\sowji\.m2\repository\org\seleniumhq\selenium\selenium-firefox-driver\3.141.59\selenium-firefox-driver-3.141.59.jar;C:\Users\sowji\.m2\repository\net\bytebuddy\byte-buddy\1.8.15\byte-buddy-1.8.15.jar;C:\Users\sowji\.m2\repository\org\apache\commons\commons-exec\1.3\commons-exec-1.3.jar;C:\Users\sowji\.m2\repository\com\squareup\okhttp3\okhttp\3.11.0\okhttp-3.11.0.jar;C:\Users\sowji\.m2\repository\com\squareup\okio\okio\1.14.0\okio-1.14.0.jar;C:\Users\sowji\.m2\repository\io\cucumber\cucumber-java\7.3.4\cucumber-java-7.3.4.jar;C:\Users\sowji\.m2\repository\io\cucumber\cucumber-core\7.3.4\cucumber-core-7.3.4.jar;C:\Users\sowji\.m2\repository\io\cucumber\cucumber-gherkin\7.3.4\cucumber-gherkin-7.3.4.jar;C:\Users\sowji\.m2\repository\io\cucumber\cucumber-gherkin-messages\7.3.4\cucumber-gherkin-messages-7.3.4.jar;C:\Users\sowji\.m2\repository\io\cucumber\gherkin\23.0.1\gherkin-23.0.1.jar;C:\Users\sowji\.m2\repository\io\cucumber\messages\18.0.0\messages-18.0.0.jar;C:\Users\sowji\.m2\repository\io\cucumber\tag-expressions\4.1.0\tag-expressions-4.1.0.jar;C:\Users\sowji\.m2\repository\io\cucumber\cucumber-expressions\15.1.1\cucumber-expressions-15.1.1.jar;C:\Users\sowji\.m2\repository\io\cucumber\datatable\7.3.4\datatable-7.3.4.jar;C:\Users\sowji\.m2\repository\io\cucumber\cucumber-plugin\7.3.4\cucumber-plugin-7.3.4.jar;C:\Users\sowji\.m2\repository\io\cucumber\docstring\7.3.4\docstring-7.3.4.jar;C:\Users\sowji\.m2\repository\io\cucumber\html-formatter\19.1.0\html-formatter-19.1.0.jar;C:\Users\sowji\.m2\repository\io\cucumber\ci-environment\9.0.4\ci-environment-9.0.4.jar;C:\Users\sowji\.m2\repository\org\apiguardian\apiguardian-api\1.1.2\apiguardian-api-1.1.2.jar;C:\Users\sowji\.m2\repository\io\cucumber\cucumber-testng\7.4.0\cucumber-testng-7.4.0.jar;C:\Users\sowji\.m2\repository\org\testng\testng\7.4.0\testng-7.4.0.jar;C:\Users\sowji\.m2\repository\org\webjars\jquery\3.5.1\jquery-3.5.1.jar;C:\Users\sowji\.m2\repository\org\uncommons\reportng\1.1.4\reportng-1.1.4.jar;C:\Users\sowji\.m2\repository\velocity\velocity\1.4\velocity-1.4.jar;C:\Users\sowji\.m2\repository\velocity\velocity-dep\1.4\velocity-dep-1.4.jar;C:\Users\sowji\.m2\repository\com\aventstack\extentreports\5.0.4\extentreports-5.0.4.jar;C:\Users\sowji\.m2\repository\io\reactivex\rxjava3\rxjava\3.0.4\rxjava-3.0.4.jar;C:\Users\sowji\.m2\repository\org\reactivestreams\reactive-streams\1.0.3\reactive-streams-1.0.3.jar;C:\Users\sowji\.m2\repository\org\freemarker\freemarker\2.3.30\freemarker-2.3.30.jar;C:\Users\sowji\.m2\repository\org\projectlombok\lombok\1.18.12\lombok-1.18.12.jar;C:\Users\sowji\.m2\repository\com\google\code\gson\gson\2.8.6\gson-2.8.6.jar;C:\Users\sowji\.m2\repository\tech\grasshopper\extentreports-cucumber7-adapter\1.9.2\extentreports-cucumber7-adapter-1.9.2.jar;C:\Users\sowji\.m2\repository\tech\grasshopper\extent-pdf-report\2.9.1\extent-pdf-report-2.9.1.jar;C:\Users\sowji\.m2\repository\tech\grasshopper\cucumber-pdf-report\2.11.1\cucumber-pdf-report-2.11.1.jar;C:\Users\sowji\.m2\repository\org\apache\pdfbox\pdfbox\2.0.26\pdfbox-2.0.26.jar;C:\Users\sowji\.m2\repository\org\apache\pdfbox\fontbox\2.0.26\fontbox-2.0.26.jar;C:\Users\sowji\.m2\repository\org\knowm\xchart\xchart\3.8.0\xchart-3.8.0.jar;C:\Users\sowji\.m2\repository\de\erichseifert\vectorgraphics2d\VectorGraphics2D\0.13\VectorGraphics2D-0.13.jar;C:\Users\sowji\.m2\repository\de\rototor\pdfbox\graphics2d\0.30\graphics2d-0.30.jar;C:\Users\sowji\.m2\repository\com\madgag\animated-gif-lib\1.4\animated-gif-lib-1.4.jar;C:\Users\sowji\.m2\repository\tech\grasshopper\table-layout\1.5.1\table-layout-1.5.1.jar;C:\Users\sowji\.m2\repository\tech\grasshopper\rest-assured-cucumber-pdf-report\1.4.1\rest-assured-cucumber-pdf-report-1.4.1.jar;C:\Users\sowji\.m2\repository\org\jsoup\jsoup\1.15.3\jsoup-1.15.3.jar;C:\Users\sowji\.m2\repository\com\aventstack\klov-reporter\5.0.9\klov-reporter-5.0.9.jar;C:\Users\sowji\.m2\repository\org\mongodb\mongodb-driver\3.6.4\mongodb-driver-3.6.4.jar;C:\Users\sowji\.m2\repository\org\mongodb\mongodb-driver-core\3.6.4\mongodb-driver-core-3.6.4.jar;C:\Users\sowji\.m2\repository\org\mongodb\bson\3.6.4\bson-3.6.4.jar;C:\Users\sowji\.m2\repository\tech\grasshopper\htmlextentreporter\1.0.1\htmlextentreporter-1.0.1.jar;C:\Users\sowji\.m2\repository\org\seleniumhq\selenium\selenium-java\4.2.0\selenium-java-4.2.0.jar;C:\Users\sowji\.m2\repository\org\seleniumhq\selenium\selenium-devtools-v100\4.2.0\selenium-devtools-v100-4.2.0.jar;C:\Users\sowji\.m2\repository\org\seleniumhq\selenium\selenium-devtools-v101\4.2.0\selenium-devtools-v101-4.2.0.jar;C:\Users\sowji\.m2\repository\org\seleniumhq\selenium\selenium-devtools-v102\4.2.0\selenium-devtools-v102-4.2.0.jar;C:\Users\sowji\.m2\repository\org\seleniumhq\selenium\selenium-devtools-v85\4.2.0\selenium-devtools-v85-4.2.0.jar;C:\Users\sowji\.m2\repository\org\seleniumhq\selenium\selenium-edge-driver\4.2.0\selenium-edge-driver-4.2.0.jar;C:\Users\sowji\.m2\repository\org\seleniumhq\selenium\selenium-ie-driver\4.2.0\selenium-ie-driver-4.2.0.jar;C:\Users\sowji\.m2\repository\org\seleniumhq\selenium\selenium-opera-driver\4.2.0\selenium-opera-driver-4.2.0.jar;C:\Users\sowji\.m2\repository\org\seleniumhq\selenium\selenium-safari-driver\4.2.0\selenium-safari-driver-4.2.0.jar;C:\Users\sowji\.m2\repository\org\seleniumhq\selenium\selenium-support\4.2.0\selenium-support-4.2.0.jar;C:\Users\sowji\.m2\repository\org\seleniumhq\selenium\selenium-server\3.141.59\selenium-server-3.141.59.jar;C:\Users\sowji\.m2\repository\net\jcip\jcip-annotations\1.0\jcip-annotations-1.0.jar;C:\Users\sowji\.m2\repository\org\seleniumhq\selenium\jetty-repacked\9.4.12.v20180830\jetty-repacked-9.4.12.v20180830.jar;C:\Users\sowji\.m2\repository\javax\servlet\javax.servlet-api\3.1.0\javax.servlet-api-3.1.0.jar;C:\Users\sowji\.m2\repository\org\yaml\snakeyaml\1.19\snakeyaml-1.19.jar;C:\Users\sowji\.m2\repository\io\github\bonigarcia\webdrivermanager\5.3.2\webdrivermanager-5.3.2.jar;C:\Users\sowji\.m2\repository\com\github\docker-java\docker-java\3.2.14\docker-java-3.2.14.jar;C:\Users\sowji\.m2\repository\com\github\docker-java\docker-java-core\3.2.14\docker-java-core-3.2.14.jar;C:\Users\sowji\.m2\repository\com\github\docker-java\docker-java-api\3.2.14\docker-java-api-3.2.14.jar;C:\Users\sowji\.m2\repository\com\fasterxml\jackson\core\jackson-annotations\2.10.3\jackson-annotations-2.10.3.jar;C:\Users\sowji\.m2\repository\org\apache\commons\commons-compress\1.21\commons-compress-1.21.jar;C:\Users\sowji\.m2\repository\com\fasterxml\jackson\core\jackson-databind\2.10.3\jackson-databind-2.10.3.jar;C:\Users\sowji\.m2\repository\com\fasterxml\jackson\core\jackson-core\2.10.3\jackson-core-2.10.3.jar;C:\Users\sowji\.m2\repository\org\bouncycastle\bcpkix-jdk15on\1.64\bcpkix-jdk15on-1.64.jar;C:\Users\sowji\.m2\repository\org\bouncycastle\bcprov-jdk15on\1.64\bcprov-jdk15on-1.64.jar;C:\Users\sowji\.m2\repository\org\slf4j\jcl-over-slf4j\1.7.30\jcl-over-slf4j-1.7.30.jar;C:\Users\sowji\.m2\repository\com\github\docker-java\docker-java-transport-httpclient5\3.2.14\docker-java-transport-httpclient5-3.2.14.jar;C:\Users\sowji\.m2\repository\com\github\docker-java\docker-java-transport\3.2.14\docker-java-transport-3.2.14.jar;C:\Users\sowji\.m2\repository\net\java\dev\jna\jna\5.12.1\jna-5.12.1.jar;C:\Users\sowji\.m2\repository\org\brotli\dec\0.1.2\dec-0.1.2.jar;C:\Users\sowji\.m2\repository\org\apache\commons\commons-lang3\3.12.0\commons-lang3-3.12.0.jar;C:\Users\sowji\.m2\repository\org\apache\httpcomponents\client5\httpclient5\5.2.1\httpclient5-5.2.1.jar;C:\Users\sowji\.m2\repository\org\apache\httpcomponents\core5\httpcore5\5.2\httpcore5-5.2.jar;C:\Users\sowji\.m2\repository\org\apache\httpcomponents\core5\httpcore5-h2\5.2\httpcore5-h2-5.2.jar;C:\Users\sowji\.m2\repository\org\slf4j\slf4j-api\1.7.5\slf4j-api-1.7.5.jar;C:\Users\sowji\.m2\repository\org\slf4j\slf4j-simple\1.6.4\slf4j-simple-1.6.4.jar;C:\Users\sowji\.m2\repository\com\google\guava\guava\31.0.1-jre\guava-31.0.1-jre.jar;C:\Users\sowji\.m2\repository\com\google\guava\failureaccess\1.0.1\failureaccess-1.0.1.jar;C:\Users\sowji\.m2\repository\com\google\guava\listenablefuture\9999.0-empty-to-avoid-conflict-with-guava\listenablefuture-9999.0-empty-to-avoid-conflict-with-guava.jar;C:\Users\sowji\.m2\repository\com\google\code\findbugs\jsr305\3.0.2\jsr305-3.0.2.jar;C:\Users\sowji\.m2\repository\org\checkerframework\checker-qual\3.12.0\checker-qual-3.12.0.jar;C:\Users\sowji\.m2\repository\com\google\errorprone\error_prone_annotations\2.7.1\error_prone_annotations-2.7.1.jar;C:\Users\sowji\.m2\repository\com\google\j2objc\j2objc-annotations\1.3\j2objc-annotations-1.3.jar;C:\Users\sowji\.m2\repository\commons-io\commons-io\2.11.0\commons-io-2.11.0.jar;C:\Users\sowji\.m2\repository\com\beust\jcommander\1.82\jcommander-1.82.jar;C:\Users\sowji\.m2\repository\com\google\inject\guice\5.1.0\guice-5.1.0.jar;C:\Users\sowji\.m2\repository\javax\inject\javax.inject\1\javax.inject-1.jar;C:\Users\sowji\.m2\repository\aopalliance\aopalliance\1.0\aopalliance-1.0.jar;C:\Users\sowji\.m2\repository\com\mysql\mysql-connector-j\8.0.32\mysql-connector-j-8.0.32.jar;C:\Users\sowji\.m2\repository\com\google\protobuf\protobuf-java\3.21.9\protobuf-java-3.21.9.jar;C:\Users\sowji\.m2\repository\org\mariadb\jdbc\mariadb-java-client\2.6.2\mariadb-java-client-2.6.2.jar;"/>
    <property name="sun.cpu.endian" value="little"/>
    <property name="user.home" value="C:\Users\sowji"/>
    <property name="user.language" value="en"/>
    <property name="java.specification.vendor" value="Oracle Corporation"/>
    <property name="java.version.date" value="2023-01-17"/>
    <property name="java.home" value="C:\Users\sowji\.p2\pool\plugins\org.eclipse.justj.openjdk.hotspot.jre.full.win32.x86_64_17.0.6.v20230204-1729\jre"/>
    <property name="file.separator" value="\"/>
    <property name="style.color" value="always"/>
    <property name="basedir" value="C:\Users\sowji\eclipseworkspace1\SimpliLearn_CapstoneProj"/>
    <property name="java.vm.compressedOopsMode" value="Zero based"/>
    <property name="line.separator" value="&#10;"/>
    <property name="java.vm.specification.vendor" value="Oracle Corporation"/>
    <property name="java.specification.name" value="Java Platform API Specification"/>
    <property name="surefire.real.class.path" value="C:\Users\sowji\AppData\Local\Temp\surefire5561434350365193366\surefirebooter-20230319165303547_3.jar"/>
    <property name="user.script" value=""/>
    <property name="sun.management.compiler" value="HotSpot 64-Bit Tiered Compilers"/>
    <property name="java.runtime.version" value="17.0.6+10"/>
    <property name="user.name" value="sowji"/>
    <property name="path.separator" value=";"/>
    <property name="os.version" value="10.0"/>
    <property name="java.runtime.name" value="OpenJDK Runtime Environment"/>
    <property name="file.encoding" value="Cp1252"/>
    <property name="java.vm.name" value="OpenJDK 64-Bit Server VM"/>
    <property name="java.vendor.version" value="Temurin-17.0.6+10"/>
    <property name="localRepository" value="C:\Users\sowji\.m2\repository"/>
    <property name="java.vendor.url.bug" value="https://github.com/adoptium/adoptium-support/issues"/>
    <property name="java.io.tmpdir" value="C:\Users\sowji\AppData\Local\Temp\"/>
    <property name="java.version" value="17.0.6"/>
    <property name="user.dir" value="C:\Users\sowji\eclipseworkspace1\SimpliLearn_CapstoneProj"/>
    <property name="os.arch" value="amd64"/>
    <property name="java.vm.specification.name" value="Java Virtual Machine Specification"/>
    <property name="sun.os.patch.level" value=""/>
    <property name="native.encoding" value="Cp1252"/>
    <property name="java.library.path" value="C:\Users\sowji\.p2\pool\plugins\org.eclipse.justj.openjdk.hotspot.jre.full.win32.x86_64_17.0.6.v20230204-1729\jre\bin;C:\WINDOWS\Sun\Java\bin;C:\WINDOWS\system32;C:\WINDOWS;C:/Users/sowji/.p2/pool/plugins/org.eclipse.justj.openjdk.hotspot.jre.full.win32.x86_64_17.0.6.v20230204-1729/jre/bin/server;C:/Users/sowji/.p2/pool/plugins/org.eclipse.justj.openjdk.hotspot.jre.full.win32.x86_64_17.0.6.v20230204-1729/jre/bin;C:\Program Files\Common Files\Oracle\Java\javapath;C:\Program Files (x86)\Common Files\Oracle\Java\javapath;C:\WINDOWS\system32;C:\WINDOWS;C:\WINDOWS\System32\Wbem;C:\WINDOWS\System32\WindowsPowerShell\v1.0\;C:\WINDOWS\System32\OpenSSH\;C:\Program Files\Java\jdk1.8.0_361\bin;%Java%;%Java%\bin;%Java%\lib;C:\Program Files\nodejs\;C:\Users\sowji\AppData\Local\Android\Sdk;C:\Users\sowji\AppData\Local\Android\Sdk\platform-tools;C:\Users\sowji\AppData\Local\Android\Sdk\tools\bin;C:\Program Files\Docker\Docker\resources\bin;C:\Program Files\Git\cmd;C:\Program Files\git\cmd;C:\Users\sowji\OneDrive\Course\Phase2\apache-maven-3.9.0-bin\apache-maven-3.9.0\bin;C:\Program Files\Java\jdk11.0.17_361\bin;C:\Program Files\MySQL\MySQL Server 8.0\bin;C:\Program Files\MySQL\MySQL Shell 8.0\bin\;C:\Users\sowji\AppData\Local\Microsoft\WindowsApps;C:\Users\sowji\AppData\Roaming\npm;C:\Program Files\MySQL\MySQL Server 8.0\bin;;C:\Users\sowji\OneDrive\Desktop;;."/>
    <property name="java.vm.info" value="mixed mode"/>
    <property name="java.vendor" value="Eclipse Adoptium"/>
    <property name="java.vm.version" value="17.0.6+10"/>
    <property name="sun.io.unicode.encoding" value="UnicodeLittle"/>
    <property name="java.class.version" value="61.0"/>
  </properties>
  <testcase name="runScenario[&quot;Retrieving a list of Products&quot;, &quot;Get Products API&quot;](1)" classname="runner.TestRunner" time="9.288">
    <system-out><![CDATA[[{"id":1,"code":"PRDABC123DEFX","name":"Paracetamol","brand":"Cipla","description":"An antipyretic medicine used for fever.","unitPrice":18.0,"quantity":36,"active":true,"purchases":14,"views":0,"file":null},{"id":2,"code":"PRDDEF123GHIX","name":"Combiflame","brand":"Cipla","description":"An antipyretic medicine used for fever.","unitPrice":22.0,"quantity":36,"active":true,"purchases":14,"views":0,"file":null},{"id":3,"code":"PRDDEF123DEFX","name":"Diclofenac","brand":"Intas","description":"An pain killer medicine.","unitPrice":30.0,"quantity":20,"active":true,"purchases":0,"views":0,"file":null},{"id":4,"code":"PRDPQR123WGTX","name":"Aceclofenac","brand":"Cipla","description":"A muscle relaxant medicine.","unitPrice":42.0,"quantity":80,"active":true,"purchases":0,"views":0,"file":null},{"id":5,"code":"PRDMNO123PQRX","name":"Amoxicillin","brand":"Sun Pharma","description":"A commonly used antibiotic for bacterial infection.","unitPrice":54.0,"quantity":65,"active":true,"purchases":0,"views":0,"file":null},{"id":6,"code":"PRDABCXYZDEFX","name":"Ciprofloxacin","brand":"Sun Pharma","description":"A commonly used antibiotic for bacterial infection.","unitPrice":48.0,"quantity":45,"active":true,"purchases":0,"views":0,"file":null},{"id":7,"code":"PRDFA44AC7EC6","name":"Marshall","brand":"Bilazap","description":"Used ofr Skin related pronblems","unitPrice":129.0,"quantity":50,"active":true,"purchases":0,"views":0,"file":null},{"id":8,"code":"PRD60C646928A","name":"Marshall","brand":"Bilazap","description":"Used ofr Skin related pronblems","unitPrice":129.0,"quantity":50,"active":true,"purchases":0,"views":0,"file":null},{"id":9,"code":"PRDD48F867013","name":"Marshall","brand":"Bilazap","description":"Used ofr Skin related pronblems","unitPrice":129.0,"quantity":50,"active":true,"purchases":0,"views":0,"file":null},{"id":10,"code":"PRD5ECD1F81A0","name":"Marshall","brand":"Bilazap","description":"Used ofr Skin related pronblems","unitPrice":129.0,"quantity":50,"active":true,"purchases":0,"views":0,"file":null},{"id":11,"code":"PRDA76C444E88","name":"Marshall","brand":"Bilazap","description":"Used ofr Skin related pronblems","unitPrice":129.0,"quantity":50,"active":true,"purchases":0,"views":0,"file":null},{"id":12,"code":"PRD839ABB5C74","name":"Marshall","brand":"Bilazap","description":"Used ofr Skin related pronblems","unitPrice":129.0,"quantity":50,"active":true,"purchases":0,"views":0,"file":null},{"id":13,"code":"PRDC4704D2FB3","name":"Marshall","brand":"Bilazap","description":"Used ofr Skin related pronblems","unitPrice":129.0,"quantity":50,"active":true,"purchases":0,"views":0,"file":null},{"id":14,"code":"PRD82FECFBC0C","name":"Marshall","brand":"Bilazap","description":"Used ofr Skin related pronblems","unitPrice":129.0,"quantity":50,"active":true,"purchases":0,"views":0,"file":null},{"id":15,"code":"PRDF71F352589","name":"Marshall","brand":"Bilazap","description":"Used ofr Skin related pronblems","unitPrice":129.0,"quantity":50,"active":true,"purchases":0,"views":0,"file":null},{"id":16,"code":"PRD7C3BE8AE45","name":"Marshall","brand":"Bilazap","description":"Used ofr Skin related pronblems","unitPrice":129.0,"quantity":50,"active":true,"purchases":0,"views":0,"file":null},{"id":17,"code":"PRDAD40E90AAB","name":"Marshall","brand":"Bilazap","description":"Used ofr Skin related pronblems","unitPrice":129.0,"quantity":50,"active":true,"purchases":0,"views":0,"file":null},{"id":18,"code":"PRD24C7655B42","name":"Marshall","brand":"Bilazap","description":"Used ofr Skin related pronblems","unitPrice":129.0,"quantity":50,"active":true,"purchases":0,"views":0,"file":null},{"id":19,"code":"PRD2071471F3A","name":"Marshall","brand":"Bilazap","description":"Used ofr Skin related pronblems","unitPrice":129.0,"quantity":50,"active":true,"purchases":0,"views":0,"file":null},{"id":20,"code":"PRD2C348DFBDF","name":"Marshall","brand":"Bilazap","description":"Used ofr Skin related pronblems","unitPrice":129.0,"quantity":50,"active":true,"purchases":0,"views":0,"file":null}]
[{"id":1,"code":"PRDABC123DEFX","name":"Paracetamol","brand":"Cipla","description":"An antipyretic medicine used for fever.","unitPrice":18.0,"quantity":36,"active":true,"purchases":14,"views":0,"file":null},{"id":2,"code":"PRDDEF123GHIX","name":"Combiflame","brand":"Cipla","description":"An antipyretic medicine used for fever.","unitPrice":22.0,"quantity":36,"active":true,"purchases":14,"views":0,"file":null},{"id":3,"code":"PRDDEF123DEFX","name":"Diclofenac","brand":"Intas","description":"An pain killer medicine.","unitPrice":30.0,"quantity":20,"active":true,"purchases":0,"views":0,"file":null},{"id":4,"code":"PRDPQR123WGTX","name":"Aceclofenac","brand":"Cipla","description":"A muscle relaxant medicine.","unitPrice":42.0,"quantity":80,"active":true,"purchases":0,"views":0,"file":null},{"id":5,"code":"PRDMNO123PQRX","name":"Amoxicillin","brand":"Sun Pharma","description":"A commonly used antibiotic for bacterial infection.","unitPrice":54.0,"quantity":65,"active":true,"purchases":0,"views":0,"file":null},{"id":6,"code":"PRDABCXYZDEFX","name":"Ciprofloxacin","brand":"Sun Pharma","description":"A commonly used antibiotic for bacterial infection.","unitPrice":48.0,"quantity":45,"active":true,"purchases":0,"views":0,"file":null},{"id":7,"code":"PRDFA44AC7EC6","name":"Marshall","brand":"Bilazap","description":"Used ofr Skin related pronblems","unitPrice":129.0,"quantity":50,"active":true,"purchases":0,"views":0,"file":null},{"id":8,"code":"PRD60C646928A","name":"Marshall","brand":"Bilazap","description":"Used ofr Skin related pronblems","unitPrice":129.0,"quantity":50,"active":true,"purchases":0,"views":0,"file":null},{"id":9,"code":"PRDD48F867013","name":"Marshall","brand":"Bilazap","description":"Used ofr Skin related pronblems","unitPrice":129.0,"quantity":50,"active":true,"purchases":0,"views":0,"file":null},{"id":10,"code":"PRD5ECD1F81A0","name":"Marshall","brand":"Bilazap","description":"Used ofr Skin related pronblems","unitPrice":129.0,"quantity":50,"active":true,"purchases":0,"views":0,"file":null},{"id":11,"code":"PRDA76C444E88","name":"Marshall","brand":"Bilazap","description":"Used ofr Skin related pronblems","unitPrice":129.0,"quantity":50,"active":true,"purchases":0,"views":0,"file":null},{"id":12,"code":"PRD839ABB5C74","name":"Marshall","brand":"Bilazap","description":"Used ofr Skin related pronblems","unitPrice":129.0,"quantity":50,"active":true,"purchases":0,"views":0,"file":null},{"id":13,"code":"PRDC4704D2FB3","name":"Marshall","brand":"Bilazap","description":"Used ofr Skin related pronblems","unitPrice":129.0,"quantity":50,"active":true,"purchases":0,"views":0,"file":null},{"id":14,"code":"PRD82FECFBC0C","name":"Marshall","brand":"Bilazap","description":"Used ofr Skin related pronblems","unitPrice":129.0,"quantity":50,"active":true,"purchases":0,"views":0,"file":null},{"id":15,"code":"PRDF71F352589","name":"Marshall","brand":"Bilazap","description":"Used ofr Skin related pronblems","unitPrice":129.0,"quantity":50,"active":true,"purchases":0,"views":0,"file":null},{"id":16,"code":"PRD7C3BE8AE45","name":"Marshall","brand":"Bilazap","description":"Used ofr Skin related pronblems","unitPrice":129.0,"quantity":50,"active":true,"purchases":0,"views":0,"file":null},{"id":17,"code":"PRDAD40E90AAB","name":"Marshall","brand":"Bilazap","description":"Used ofr Skin related pronblems","unitPrice":129.0,"quantity":50,"active":true,"purchases":0,"views":0,"file":null},{"id":18,"code":"PRD24C7655B42","name":"Marshall","brand":"Bilazap","description":"Used ofr Skin related pronblems","unitPrice":129.0,"quantity":50,"active":true,"purchases":0,"views":0,"file":null},{"id":19,"code":"PRD2071471F3A","name":"Marshall","brand":"Bilazap","description":"Used ofr Skin related pronblems","unitPrice":129.0,"quantity":50,"active":true,"purchases":0,"views":0,"file":null},{"id":20,"code":"PRD2C348DFBDF","name":"Marshall","brand":"Bilazap","description":"Used ofr Skin related pronblems","unitPrice":129.0,"quantity":50,"active":true,"purchases":0,"views":0,"file":null}]
[{"id":1,"code":"PRDABC123DEFX","name":"Paracetamol","brand":"Cipla","description":"An antipyretic medicine used for fever.","unitPrice":18.0,"quantity":36,"active":true,"purchases":14,"views":0,"file":null},{"id":2,"code":"PRDDEF123GHIX","name":"Combiflame","brand":"Cipla","description":"An antipyretic medicine used for fever.","unitPrice":22.0,"quantity":36,"active":true,"purchases":14,"views":0,"file":null},{"id":3,"code":"PRDDEF123DEFX","name":"Diclofenac","brand":"Intas","description":"An pain killer medicine.","unitPrice":30.0,"quantity":20,"active":true,"purchases":0,"views":0,"file":null},{"id":4,"code":"PRDPQR123WGTX","name":"Aceclofenac","brand":"Cipla","description":"A muscle relaxant medicine.","unitPrice":42.0,"quantity":80,"active":true,"purchases":0,"views":0,"file":null},{"id":5,"code":"PRDMNO123PQRX","name":"Amoxicillin","brand":"Sun Pharma","description":"A commonly used antibiotic for bacterial infection.","unitPrice":54.0,"quantity":65,"active":true,"purchases":0,"views":0,"file":null},{"id":6,"code":"PRDABCXYZDEFX","name":"Ciprofloxacin","brand":"Sun Pharma","description":"A commonly used antibiotic for bacterial infection.","unitPrice":48.0,"quantity":45,"active":true,"purchases":0,"views":0,"file":null},{"id":7,"code":"PRDFA44AC7EC6","name":"Marshall","brand":"Bilazap","description":"Used ofr Skin related pronblems","unitPrice":129.0,"quantity":50,"active":true,"purchases":0,"views":0,"file":null},{"id":8,"code":"PRD60C646928A","name":"Marshall","brand":"Bilazap","description":"Used ofr Skin related pronblems","unitPrice":129.0,"quantity":50,"active":true,"purchases":0,"views":0,"file":null},{"id":9,"code":"PRDD48F867013","name":"Marshall","brand":"Bilazap","description":"Used ofr Skin related pronblems","unitPrice":129.0,"quantity":50,"active":true,"purchases":0,"views":0,"file":null},{"id":10,"code":"PRD5ECD1F81A0","name":"Marshall","brand":"Bilazap","description":"Used ofr Skin related pronblems","unitPrice":129.0,"quantity":50,"active":true,"purchases":0,"views":0,"file":null},{"id":11,"code":"PRDA76C444E88","name":"Marshall","brand":"Bilazap","description":"Used ofr Skin related pronblems","unitPrice":129.0,"quantity":50,"active":true,"purchases":0,"views":0,"file":null},{"id":12,"code":"PRD839ABB5C74","name":"Marshall","brand":"Bilazap","description":"Used ofr Skin related pronblems","unitPrice":129.0,"quantity":50,"active":true,"purchases":0,"views":0,"file":null},{"id":13,"code":"PRDC4704D2FB3","name":"Marshall","brand":"Bilazap","description":"Used ofr Skin related pronblems","unitPrice":129.0,"quantity":50,"active":true,"purchases":0,"views":0,"file":null},{"id":14,"code":"PRD82FECFBC0C","name":"Marshall","brand":"Bilazap","description":"Used ofr Skin related pronblems","unitPrice":129.0,"quantity":50,"active":true,"purchases":0,"views":0,"file":null},{"id":15,"code":"PRDF71F352589","name":"Marshall","brand":"Bilazap","description":"Used ofr Skin related pronblems","unitPrice":129.0,"quantity":50,"active":true,"purchases":0,"views":0,"file":null},{"id":16,"code":"PRD7C3BE8AE45","name":"Marshall","brand":"Bilazap","description":"Used ofr Skin related pronblems","unitPrice":129.0,"quantity":50,"active":true,"purchases":0,"views":0,"file":null},{"id":17,"code":"PRDAD40E90AAB","name":"Marshall","brand":"Bilazap","description":"Used ofr Skin related pronblems","unitPrice":129.0,"quantity":50,"active":true,"purchases":0,"views":0,"file":null},{"id":18,"code":"PRD24C7655B42","name":"Marshall","brand":"Bilazap","description":"Used ofr Skin related pronblems","unitPrice":129.0,"quantity":50,"active":true,"purchases":0,"views":0,"file":null},{"id":19,"code":"PRD2071471F3A","name":"Marshall","brand":"Bilazap","description":"Used ofr Skin related pronblems","unitPrice":129.0,"quantity":50,"active":true,"purchases":0,"views":0,"file":null},{"id":20,"code":"PRD2C348DFBDF","name":"Marshall","brand":"Bilazap","description":"Used ofr Skin related pronblems","unitPrice":129.0,"quantity":50,"active":true,"purchases":0,"views":0,"file":null}]
2B4CDFA64A6102F6B2933B3237EEE868
[{"id":1,"code":"PRDABC123DEFX","name":"Paracetamol","brand":"Cipla","description":"An antipyretic medicine used for fever.","unitPrice":18.0,"quantity":36,"active":true,"purchases":14,"views":0,"file":null},{"id":2,"code":"PRDDEF123GHIX","name":"Combiflame","brand":"Cipla","description":"An antipyretic medicine used for fever.","unitPrice":22.0,"quantity":36,"active":true,"purchases":14,"views":0,"file":null},{"id":3,"code":"PRDDEF123DEFX","name":"Diclofenac","brand":"Intas","description":"An pain killer medicine.","unitPrice":30.0,"quantity":20,"active":true,"purchases":0,"views":0,"file":null},{"id":4,"code":"PRDPQR123WGTX","name":"Aceclofenac","brand":"Cipla","description":"A muscle relaxant medicine.","unitPrice":42.0,"quantity":80,"active":true,"purchases":0,"views":0,"file":null},{"id":5,"code":"PRDMNO123PQRX","name":"Amoxicillin","brand":"Sun Pharma","description":"A commonly used antibiotic for bacterial infection.","unitPrice":54.0,"quantity":65,"active":true,"purchases":0,"views":0,"file":null},{"id":6,"code":"PRDABCXYZDEFX","name":"Ciprofloxacin","brand":"Sun Pharma","description":"A commonly used antibiotic for bacterial infection.","unitPrice":48.0,"quantity":45,"active":true,"purchases":0,"views":0,"file":null},{"id":7,"code":"PRDFA44AC7EC6","name":"Marshall","brand":"Bilazap","description":"Used ofr Skin related pronblems","unitPrice":129.0,"quantity":50,"active":true,"purchases":0,"views":0,"file":null},{"id":8,"code":"PRD60C646928A","name":"Marshall","brand":"Bilazap","description":"Used ofr Skin related pronblems","unitPrice":129.0,"quantity":50,"active":true,"purchases":0,"views":0,"file":null},{"id":9,"code":"PRDD48F867013","name":"Marshall","brand":"Bilazap","description":"Used ofr Skin related pronblems","unitPrice":129.0,"quantity":50,"active":true,"purchases":0,"views":0,"file":null},{"id":10,"code":"PRD5ECD1F81A0","name":"Marshall","brand":"Bilazap","description":"Used ofr Skin related pronblems","unitPrice":129.0,"quantity":50,"active":true,"purchases":0,"views":0,"file":null},{"id":11,"code":"PRDA76C444E88","name":"Marshall","brand":"Bilazap","description":"Used ofr Skin related pronblems","unitPrice":129.0,"quantity":50,"active":true,"purchases":0,"views":0,"file":null},{"id":12,"code":"PRD839ABB5C74","name":"Marshall","brand":"Bilazap","description":"Used ofr Skin related pronblems","unitPrice":129.0,"quantity":50,"active":true,"purchases":0,"views":0,"file":null},{"id":13,"code":"PRDC4704D2FB3","name":"Marshall","brand":"Bilazap","description":"Used ofr Skin related pronblems","unitPrice":129.0,"quantity":50,"active":true,"purchases":0,"views":0,"file":null},{"id":14,"code":"PRD82FECFBC0C","name":"Marshall","brand":"Bilazap","description":"Used ofr Skin related pronblems","unitPrice":129.0,"quantity":50,"active":true,"purchases":0,"views":0,"file":null},{"id":15,"code":"PRDF71F352589","name":"Marshall","brand":"Bilazap","description":"Used ofr Skin related pronblems","unitPrice":129.0,"quantity":50,"active":true,"purchases":0,"views":0,"file":null},{"id":16,"code":"PRD7C3BE8AE45","name":"Marshall","brand":"Bilazap","description":"Used ofr Skin related pronblems","unitPrice":129.0,"quantity":50,"active":true,"purchases":0,"views":0,"file":null},{"id":17,"code":"PRDAD40E90AAB","name":"Marshall","brand":"Bilazap","description":"Used ofr Skin related pronblems","unitPrice":129.0,"quantity":50,"active":true,"purchases":0,"views":0,"file":null},{"id":18,"code":"PRD24C7655B42","name":"Marshall","brand":"Bilazap","description":"Used ofr Skin related pronblems","unitPrice":129.0,"quantity":50,"active":true,"purchases":0,"views":0,"file":null},{"id":19,"code":"PRD2071471F3A","name":"Marshall","brand":"Bilazap","description":"Used ofr Skin related pronblems","unitPrice":129.0,"quantity":50,"active":true,"purchases":0,"views":0,"file":null},{"id":20,"code":"PRD2C348DFBDF","name":"Marshall","brand":"Bilazap","description":"Used ofr Skin related pronblems","unitPrice":129.0,"quantity":50,"active":true,"purchases":0,"views":0,"file":null}]
[{"id":1,"code":"PRDABC123DEFX","name":"Paracetamol","brand":"Cipla","description":"An antipyretic medicine used for fever.","unitPrice":18.0,"quantity":36,"active":true,"purchases":14,"views":0,"file":null},{"id":2,"code":"PRDDEF123GHIX","name":"Combiflame","brand":"Cipla","description":"An antipyretic medicine used for fever.","unitPrice":22.0,"quantity":36,"active":true,"purchases":14,"views":0,"file":null},{"id":3,"code":"PRDDEF123DEFX","name":"Diclofenac","brand":"Intas","description":"An pain killer medicine.","unitPrice":30.0,"quantity":20,"active":true,"purchases":0,"views":0,"file":null},{"id":4,"code":"PRDPQR123WGTX","name":"Aceclofenac","brand":"Cipla","description":"A muscle relaxant medicine.","unitPrice":42.0,"quantity":80,"active":true,"purchases":0,"views":0,"file":null},{"id":5,"code":"PRDMNO123PQRX","name":"Amoxicillin","brand":"Sun Pharma","description":"A commonly used antibiotic for bacterial infection.","unitPrice":54.0,"quantity":65,"active":true,"purchases":0,"views":0,"file":null},{"id":6,"code":"PRDABCXYZDEFX","name":"Ciprofloxacin","brand":"Sun Pharma","description":"A commonly used antibiotic for bacterial infection.","unitPrice":48.0,"quantity":45,"active":true,"purchases":0,"views":0,"file":null},{"id":7,"code":"PRDFA44AC7EC6","name":"Marshall","brand":"Bilazap","description":"Used ofr Skin related pronblems","unitPrice":129.0,"quantity":50,"active":true,"purchases":0,"views":0,"file":null},{"id":8,"code":"PRD60C646928A","name":"Marshall","brand":"Bilazap","description":"Used ofr Skin related pronblems","unitPrice":129.0,"quantity":50,"active":true,"purchases":0,"views":0,"file":null},{"id":9,"code":"PRDD48F867013","name":"Marshall","brand":"Bilazap","description":"Used ofr Skin related pronblems","unitPrice":129.0,"quantity":50,"active":true,"purchases":0,"views":0,"file":null},{"id":10,"code":"PRD5ECD1F81A0","name":"Marshall","brand":"Bilazap","description":"Used ofr Skin related pronblems","unitPrice":129.0,"quantity":50,"active":true,"purchases":0,"views":0,"file":null},{"id":11,"code":"PRDA76C444E88","name":"Marshall","brand":"Bilazap","description":"Used ofr Skin related pronblems","unitPrice":129.0,"quantity":50,"active":true,"purchases":0,"views":0,"file":null},{"id":12,"code":"PRD839ABB5C74","name":"Marshall","brand":"Bilazap","description":"Used ofr Skin related pronblems","unitPrice":129.0,"quantity":50,"active":true,"purchases":0,"views":0,"file":null},{"id":13,"code":"PRDC4704D2FB3","name":"Marshall","brand":"Bilazap","description":"Used ofr Skin related pronblems","unitPrice":129.0,"quantity":50,"active":true,"purchases":0,"views":0,"file":null},{"id":14,"code":"PRD82FECFBC0C","name":"Marshall","brand":"Bilazap","description":"Used ofr Skin related pronblems","unitPrice":129.0,"quantity":50,"active":true,"purchases":0,"views":0,"file":null},{"id":15,"code":"PRDF71F352589","name":"Marshall","brand":"Bilazap","description":"Used ofr Skin related pronblems","unitPrice":129.0,"quantity":50,"active":true,"purchases":0,"views":0,"file":null},{"id":16,"code":"PRD7C3BE8AE45","name":"Marshall","brand":"Bilazap","description":"Used ofr Skin related pronblems","unitPrice":129.0,"quantity":50,"active":true,"purchases":0,"views":0,"file":null},{"id":17,"code":"PRDAD40E90AAB","name":"Marshall","brand":"Bilazap","description":"Used ofr Skin related pronblems","unitPrice":129.0,"quantity":50,"active":true,"purchases":0,"views":0,"file":null},{"id":18,"code":"PRD24C7655B42","name":"Marshall","brand":"Bilazap","description":"Used ofr Skin related pronblems","unitPrice":129.0,"quantity":50,"active":true,"purchases":0,"views":0,"file":null},{"id":19,"code":"PRD2071471F3A","name":"Marshall","brand":"Bilazap","description":"Used ofr Skin related pronblems","unitPrice":129.0,"quantity":50,"active":true,"purchases":0,"views":0,"file":null},{"id":20,"code":"PRD2C348DFBDF","name":"Marshall","brand":"Bilazap","description":"Used ofr Skin related pronblems","unitPrice":129.0,"quantity":50,"active":true,"purchases":0,"views":0,"file":null}]
20
API Products :[Paracetamol, Combiflame, Diclofenac, Aceclofenac, Amoxicillin, Ciprofloxacin, Marshall, Marshall, Marshall, Marshall, Marshall, Marshall, Marshall, Marshall, Marshall, Marshall, Marshall, Marshall, Marshall, Marshall]
UI Products :[]
[]The size of product in api :[Paracetamol, Combiflame, Diclofenac, Aceclofenac, Amoxicillin, Ciprofloxacin, Marshall, Marshall, Marshall, Marshall, Marshall, Marshall, Marshall, Marshall, Marshall, Marshall, Marshall, Marshall, Marshall, Marshall]
]]></system-out>
    <system-err><![CDATA[805 [main] INFO io.github.bonigarcia.wdm.WebDriverManager - Using chromedriver 111.0.5563.64 (resolved driver for Chrome 111)
911 [main] INFO io.github.bonigarcia.wdm.WebDriverManager - Exporting webdriver.chrome.driver as C:\Users\sowji\.cache\selenium\chromedriver\win32\111.0.5563.64\chromedriver.exe
Starting ChromeDriver 111.0.5563.64 (c710e93d5b63b7095afe8c2c17df34408078439d-refs/branch-heads/5563@{#995}) on port 28510
Only local connections are allowed.
Please see https://chromedriver.chromium.org/security-considerations for suggestions on keeping ChromeDriver safe.
ChromeDriver was started successfully.
Mar 19, 2023 4:53:15 PM org.openqa.selenium.devtools.CdpVersionFinder findNearestMatch
WARNING: Unable to find CDP implementation matching 111
Mar 19, 2023 4:53:15 PM org.openqa.selenium.chromium.ChromiumDriver lambda$new$3
WARNING: Unable to find version of CDP to use for . You may need to include a dependency on a specific version of the CDP using something similar to `org.seleniumhq.selenium:selenium-devtools-v86:4.8.1` where the version ("v86") matches the version of the chromium-based browser you're using and the version number of the artifact is the same as Selenium's.
]]></system-err>
  </testcase>
  <testcase name="runScenario[&quot;Delete a single category Products&quot;, &quot;Get Products API&quot;](2)" classname="runner.TestRunner" time="1.461">
    <system-out><![CDATA[[{"id":1,"code":"PRDABC123DEFX","name":"Paracetamol","brand":"Cipla","description":"An antipyretic medicine used for fever.","unitPrice":18.0,"quantity":36,"active":true,"purchases":14,"views":0,"file":null},{"id":2,"code":"PRDDEF123GHIX","name":"Combiflame","brand":"Cipla","description":"An antipyretic medicine used for fever.","unitPrice":22.0,"quantity":36,"active":true,"purchases":14,"views":0,"file":null},{"id":7,"code":"PRDFA44AC7EC6","name":"Marshall","brand":"Bilazap","description":"Used ofr Skin related pronblems","unitPrice":129.0,"quantity":50,"active":true,"purchases":0,"views":0,"file":null},{"id":8,"code":"PRD60C646928A","name":"Marshall","brand":"Bilazap","description":"Used ofr Skin related pronblems","unitPrice":129.0,"quantity":50,"active":true,"purchases":0,"views":0,"file":null},{"id":9,"code":"PRDD48F867013","name":"Marshall","brand":"Bilazap","description":"Used ofr Skin related pronblems","unitPrice":129.0,"quantity":50,"active":true,"purchases":0,"views":0,"file":null},{"id":10,"code":"PRD5ECD1F81A0","name":"Marshall","brand":"Bilazap","description":"Used ofr Skin related pronblems","unitPrice":129.0,"quantity":50,"active":true,"purchases":0,"views":0,"file":null},{"id":11,"code":"PRDA76C444E88","name":"Marshall","brand":"Bilazap","description":"Used ofr Skin related pronblems","unitPrice":129.0,"quantity":50,"active":true,"purchases":0,"views":0,"file":null},{"id":12,"code":"PRD839ABB5C74","name":"Marshall","brand":"Bilazap","description":"Used ofr Skin related pronblems","unitPrice":129.0,"quantity":50,"active":true,"purchases":0,"views":0,"file":null},{"id":13,"code":"PRDC4704D2FB3","name":"Marshall","brand":"Bilazap","description":"Used ofr Skin related pronblems","unitPrice":129.0,"quantity":50,"active":true,"purchases":0,"views":0,"file":null},{"id":14,"code":"PRD82FECFBC0C","name":"Marshall","brand":"Bilazap","description":"Used ofr Skin related pronblems","unitPrice":129.0,"quantity":50,"active":true,"purchases":0,"views":0,"file":null},{"id":15,"code":"PRDF71F352589","name":"Marshall","brand":"Bilazap","description":"Used ofr Skin related pronblems","unitPrice":129.0,"quantity":50,"active":true,"purchases":0,"views":0,"file":null},{"id":16,"code":"PRD7C3BE8AE45","name":"Marshall","brand":"Bilazap","description":"Used ofr Skin related pronblems","unitPrice":129.0,"quantity":50,"active":true,"purchases":0,"views":0,"file":null},{"id":17,"code":"PRDAD40E90AAB","name":"Marshall","brand":"Bilazap","description":"Used ofr Skin related pronblems","unitPrice":129.0,"quantity":50,"active":true,"purchases":0,"views":0,"file":null},{"id":18,"code":"PRD24C7655B42","name":"Marshall","brand":"Bilazap","description":"Used ofr Skin related pronblems","unitPrice":129.0,"quantity":50,"active":true,"purchases":0,"views":0,"file":null},{"id":19,"code":"PRD2071471F3A","name":"Marshall","brand":"Bilazap","description":"Used ofr Skin related pronblems","unitPrice":129.0,"quantity":50,"active":true,"purchases":0,"views":0,"file":null},{"id":20,"code":"PRD2C348DFBDF","name":"Marshall","brand":"Bilazap","description":"Used ofr Skin related pronblems","unitPrice":129.0,"quantity":50,"active":true,"purchases":0,"views":0,"file":null}]
[{"id":1,"code":"PRDABC123DEFX","name":"Paracetamol","brand":"Cipla","description":"An antipyretic medicine used for fever.","unitPrice":18.0,"quantity":36,"active":true,"purchases":14,"views":0,"file":null},{"id":2,"code":"PRDDEF123GHIX","name":"Combiflame","brand":"Cipla","description":"An antipyretic medicine used for fever.","unitPrice":22.0,"quantity":36,"active":true,"purchases":14,"views":0,"file":null},{"id":7,"code":"PRDFA44AC7EC6","name":"Marshall","brand":"Bilazap","description":"Used ofr Skin related pronblems","unitPrice":129.0,"quantity":50,"active":true,"purchases":0,"views":0,"file":null},{"id":8,"code":"PRD60C646928A","name":"Marshall","brand":"Bilazap","description":"Used ofr Skin related pronblems","unitPrice":129.0,"quantity":50,"active":true,"purchases":0,"views":0,"file":null},{"id":9,"code":"PRDD48F867013","name":"Marshall","brand":"Bilazap","description":"Used ofr Skin related pronblems","unitPrice":129.0,"quantity":50,"active":true,"purchases":0,"views":0,"file":null},{"id":10,"code":"PRD5ECD1F81A0","name":"Marshall","brand":"Bilazap","description":"Used ofr Skin related pronblems","unitPrice":129.0,"quantity":50,"active":true,"purchases":0,"views":0,"file":null},{"id":11,"code":"PRDA76C444E88","name":"Marshall","brand":"Bilazap","description":"Used ofr Skin related pronblems","unitPrice":129.0,"quantity":50,"active":true,"purchases":0,"views":0,"file":null},{"id":12,"code":"PRD839ABB5C74","name":"Marshall","brand":"Bilazap","description":"Used ofr Skin related pronblems","unitPrice":129.0,"quantity":50,"active":true,"purchases":0,"views":0,"file":null},{"id":13,"code":"PRDC4704D2FB3","name":"Marshall","brand":"Bilazap","description":"Used ofr Skin related pronblems","unitPrice":129.0,"quantity":50,"active":true,"purchases":0,"views":0,"file":null},{"id":14,"code":"PRD82FECFBC0C","name":"Marshall","brand":"Bilazap","description":"Used ofr Skin related pronblems","unitPrice":129.0,"quantity":50,"active":true,"purchases":0,"views":0,"file":null},{"id":15,"code":"PRDF71F352589","name":"Marshall","brand":"Bilazap","description":"Used ofr Skin related pronblems","unitPrice":129.0,"quantity":50,"active":true,"purchases":0,"views":0,"file":null},{"id":16,"code":"PRD7C3BE8AE45","name":"Marshall","brand":"Bilazap","description":"Used ofr Skin related pronblems","unitPrice":129.0,"quantity":50,"active":true,"purchases":0,"views":0,"file":null},{"id":17,"code":"PRDAD40E90AAB","name":"Marshall","brand":"Bilazap","description":"Used ofr Skin related pronblems","unitPrice":129.0,"quantity":50,"active":true,"purchases":0,"views":0,"file":null},{"id":18,"code":"PRD24C7655B42","name":"Marshall","brand":"Bilazap","description":"Used ofr Skin related pronblems","unitPrice":129.0,"quantity":50,"active":true,"purchases":0,"views":0,"file":null},{"id":19,"code":"PRD2071471F3A","name":"Marshall","brand":"Bilazap","description":"Used ofr Skin related pronblems","unitPrice":129.0,"quantity":50,"active":true,"purchases":0,"views":0,"file":null},{"id":20,"code":"PRD2C348DFBDF","name":"Marshall","brand":"Bilazap","description":"Used ofr Skin related pronblems","unitPrice":129.0,"quantity":50,"active":true,"purchases":0,"views":0,"file":null}]
[{"id":1,"code":"PRDABC123DEFX","name":"Paracetamol","brand":"Cipla","description":"An antipyretic medicine used for fever.","unitPrice":18.0,"quantity":36,"active":true,"purchases":14,"views":0,"file":null},{"id":2,"code":"PRDDEF123GHIX","name":"Combiflame","brand":"Cipla","description":"An antipyretic medicine used for fever.","unitPrice":22.0,"quantity":36,"active":true,"purchases":14,"views":0,"file":null},{"id":7,"code":"PRDFA44AC7EC6","name":"Marshall","brand":"Bilazap","description":"Used ofr Skin related pronblems","unitPrice":129.0,"quantity":50,"active":true,"purchases":0,"views":0,"file":null},{"id":8,"code":"PRD60C646928A","name":"Marshall","brand":"Bilazap","description":"Used ofr Skin related pronblems","unitPrice":129.0,"quantity":50,"active":true,"purchases":0,"views":0,"file":null},{"id":9,"code":"PRDD48F867013","name":"Marshall","brand":"Bilazap","description":"Used ofr Skin related pronblems","unitPrice":129.0,"quantity":50,"active":true,"purchases":0,"views":0,"file":null},{"id":10,"code":"PRD5ECD1F81A0","name":"Marshall","brand":"Bilazap","description":"Used ofr Skin related pronblems","unitPrice":129.0,"quantity":50,"active":true,"purchases":0,"views":0,"file":null},{"id":11,"code":"PRDA76C444E88","name":"Marshall","brand":"Bilazap","description":"Used ofr Skin related pronblems","unitPrice":129.0,"quantity":50,"active":true,"purchases":0,"views":0,"file":null},{"id":12,"code":"PRD839ABB5C74","name":"Marshall","brand":"Bilazap","description":"Used ofr Skin related pronblems","unitPrice":129.0,"quantity":50,"active":true,"purchases":0,"views":0,"file":null},{"id":13,"code":"PRDC4704D2FB3","name":"Marshall","brand":"Bilazap","description":"Used ofr Skin related pronblems","unitPrice":129.0,"quantity":50,"active":true,"purchases":0,"views":0,"file":null},{"id":14,"code":"PRD82FECFBC0C","name":"Marshall","brand":"Bilazap","description":"Used ofr Skin related pronblems","unitPrice":129.0,"quantity":50,"active":true,"purchases":0,"views":0,"file":null},{"id":15,"code":"PRDF71F352589","name":"Marshall","brand":"Bilazap","description":"Used ofr Skin related pronblems","unitPrice":129.0,"quantity":50,"active":true,"purchases":0,"views":0,"file":null},{"id":16,"code":"PRD7C3BE8AE45","name":"Marshall","brand":"Bilazap","description":"Used ofr Skin related pronblems","unitPrice":129.0,"quantity":50,"active":true,"purchases":0,"views":0,"file":null},{"id":17,"code":"PRDAD40E90AAB","name":"Marshall","brand":"Bilazap","description":"Used ofr Skin related pronblems","unitPrice":129.0,"quantity":50,"active":true,"purchases":0,"views":0,"file":null},{"id":18,"code":"PRD24C7655B42","name":"Marshall","brand":"Bilazap","description":"Used ofr Skin related pronblems","unitPrice":129.0,"quantity":50,"active":true,"purchases":0,"views":0,"file":null},{"id":19,"code":"PRD2071471F3A","name":"Marshall","brand":"Bilazap","description":"Used ofr Skin related pronblems","unitPrice":129.0,"quantity":50,"active":true,"purchases":0,"views":0,"file":null},{"id":20,"code":"PRD2C348DFBDF","name":"Marshall","brand":"Bilazap","description":"Used ofr Skin related pronblems","unitPrice":129.0,"quantity":50,"active":true,"purchases":0,"views":0,"file":null}]
FEB70D5A2FC1C93D81B275252EE03C2F
[{"id":1,"code":"PRDABC123DEFX","name":"Paracetamol","brand":"Cipla","description":"An antipyretic medicine used for fever.","unitPrice":18.0,"quantity":36,"active":true,"purchases":14,"views":0,"file":null},{"id":2,"code":"PRDDEF123GHIX","name":"Combiflame","brand":"Cipla","description":"An antipyretic medicine used for fever.","unitPrice":22.0,"quantity":36,"active":true,"purchases":14,"views":0,"file":null},{"id":7,"code":"PRDFA44AC7EC6","name":"Marshall","brand":"Bilazap","description":"Used ofr Skin related pronblems","unitPrice":129.0,"quantity":50,"active":true,"purchases":0,"views":0,"file":null},{"id":8,"code":"PRD60C646928A","name":"Marshall","brand":"Bilazap","description":"Used ofr Skin related pronblems","unitPrice":129.0,"quantity":50,"active":true,"purchases":0,"views":0,"file":null},{"id":9,"code":"PRDD48F867013","name":"Marshall","brand":"Bilazap","description":"Used ofr Skin related pronblems","unitPrice":129.0,"quantity":50,"active":true,"purchases":0,"views":0,"file":null},{"id":10,"code":"PRD5ECD1F81A0","name":"Marshall","brand":"Bilazap","description":"Used ofr Skin related pronblems","unitPrice":129.0,"quantity":50,"active":true,"purchases":0,"views":0,"file":null},{"id":11,"code":"PRDA76C444E88","name":"Marshall","brand":"Bilazap","description":"Used ofr Skin related pronblems","unitPrice":129.0,"quantity":50,"active":true,"purchases":0,"views":0,"file":null},{"id":12,"code":"PRD839ABB5C74","name":"Marshall","brand":"Bilazap","description":"Used ofr Skin related pronblems","unitPrice":129.0,"quantity":50,"active":true,"purchases":0,"views":0,"file":null},{"id":13,"code":"PRDC4704D2FB3","name":"Marshall","brand":"Bilazap","description":"Used ofr Skin related pronblems","unitPrice":129.0,"quantity":50,"active":true,"purchases":0,"views":0,"file":null},{"id":14,"code":"PRD82FECFBC0C","name":"Marshall","brand":"Bilazap","description":"Used ofr Skin related pronblems","unitPrice":129.0,"quantity":50,"active":true,"purchases":0,"views":0,"file":null},{"id":15,"code":"PRDF71F352589","name":"Marshall","brand":"Bilazap","description":"Used ofr Skin related pronblems","unitPrice":129.0,"quantity":50,"active":true,"purchases":0,"views":0,"file":null},{"id":16,"code":"PRD7C3BE8AE45","name":"Marshall","brand":"Bilazap","description":"Used ofr Skin related pronblems","unitPrice":129.0,"quantity":50,"active":true,"purchases":0,"views":0,"file":null},{"id":17,"code":"PRDAD40E90AAB","name":"Marshall","brand":"Bilazap","description":"Used ofr Skin related pronblems","unitPrice":129.0,"quantity":50,"active":true,"purchases":0,"views":0,"file":null},{"id":18,"code":"PRD24C7655B42","name":"Marshall","brand":"Bilazap","description":"Used ofr Skin related pronblems","unitPrice":129.0,"quantity":50,"active":true,"purchases":0,"views":0,"file":null},{"id":19,"code":"PRD2071471F3A","name":"Marshall","brand":"Bilazap","description":"Used ofr Skin related pronblems","unitPrice":129.0,"quantity":50,"active":true,"purchases":0,"views":0,"file":null},{"id":20,"code":"PRD2C348DFBDF","name":"Marshall","brand":"Bilazap","description":"Used ofr Skin related pronblems","unitPrice":129.0,"quantity":50,"active":true,"purchases":0,"views":0,"file":null}]
[{"id":1,"code":"PRDABC123DEFX","name":"Paracetamol","brand":"Cipla","description":"An antipyretic medicine used for fever.","unitPrice":18.0,"quantity":36,"active":true,"purchases":14,"views":0,"file":null},{"id":2,"code":"PRDDEF123GHIX","name":"Combiflame","brand":"Cipla","description":"An antipyretic medicine used for fever.","unitPrice":22.0,"quantity":36,"active":true,"purchases":14,"views":0,"file":null},{"id":7,"code":"PRDFA44AC7EC6","name":"Marshall","brand":"Bilazap","description":"Used ofr Skin related pronblems","unitPrice":129.0,"quantity":50,"active":true,"purchases":0,"views":0,"file":null},{"id":8,"code":"PRD60C646928A","name":"Marshall","brand":"Bilazap","description":"Used ofr Skin related pronblems","unitPrice":129.0,"quantity":50,"active":true,"purchases":0,"views":0,"file":null},{"id":9,"code":"PRDD48F867013","name":"Marshall","brand":"Bilazap","description":"Used ofr Skin related pronblems","unitPrice":129.0,"quantity":50,"active":true,"purchases":0,"views":0,"file":null},{"id":10,"code":"PRD5ECD1F81A0","name":"Marshall","brand":"Bilazap","description":"Used ofr Skin related pronblems","unitPrice":129.0,"quantity":50,"active":true,"purchases":0,"views":0,"file":null},{"id":11,"code":"PRDA76C444E88","name":"Marshall","brand":"Bilazap","description":"Used ofr Skin related pronblems","unitPrice":129.0,"quantity":50,"active":true,"purchases":0,"views":0,"file":null},{"id":12,"code":"PRD839ABB5C74","name":"Marshall","brand":"Bilazap","description":"Used ofr Skin related pronblems","unitPrice":129.0,"quantity":50,"active":true,"purchases":0,"views":0,"file":null},{"id":13,"code":"PRDC4704D2FB3","name":"Marshall","brand":"Bilazap","description":"Used ofr Skin related pronblems","unitPrice":129.0,"quantity":50,"active":true,"purchases":0,"views":0,"file":null},{"id":14,"code":"PRD82FECFBC0C","name":"Marshall","brand":"Bilazap","description":"Used ofr Skin related pronblems","unitPrice":129.0,"quantity":50,"active":true,"purchases":0,"views":0,"file":null},{"id":15,"code":"PRDF71F352589","name":"Marshall","brand":"Bilazap","description":"Used ofr Skin related pronblems","unitPrice":129.0,"quantity":50,"active":true,"purchases":0,"views":0,"file":null},{"id":16,"code":"PRD7C3BE8AE45","name":"Marshall","brand":"Bilazap","description":"Used ofr Skin related pronblems","unitPrice":129.0,"quantity":50,"active":true,"purchases":0,"views":0,"file":null},{"id":17,"code":"PRDAD40E90AAB","name":"Marshall","brand":"Bilazap","description":"Used ofr Skin related pronblems","unitPrice":129.0,"quantity":50,"active":true,"purchases":0,"views":0,"file":null},{"id":18,"code":"PRD24C7655B42","name":"Marshall","brand":"Bilazap","description":"Used ofr Skin related pronblems","unitPrice":129.0,"quantity":50,"active":true,"purchases":0,"views":0,"file":null},{"id":19,"code":"PRD2071471F3A","name":"Marshall","brand":"Bilazap","description":"Used ofr Skin related pronblems","unitPrice":129.0,"quantity":50,"active":true,"purchases":0,"views":0,"file":null},{"id":20,"code":"PRD2C348DFBDF","name":"Marshall","brand":"Bilazap","description":"Used ofr Skin related pronblems","unitPrice":129.0,"quantity":50,"active":true,"purchases":0,"views":0,"file":null}]
16
API CatProducts :[Paracetamol, Combiflame, Marshall, Marshall, Marshall, Marshall, Marshall, Marshall, Marshall, Marshall, Marshall, Marshall, Marshall, Marshall, Marshall, Marshall]The size of Api cat products : 16
UI Products :[]The size of Api cat products : 0
[]The size of product in api :[Paracetamol, Combiflame, Marshall, Marshall, Marshall, Marshall, Marshall, Marshall, Marshall, Marshall, Marshall, Marshall, Marshall, Marshall, Marshall, Marshall]
]]></system-out>
    <system-err><![CDATA[9121 [main] INFO io.github.bonigarcia.wdm.WebDriverManager - Using chromedriver 111.0.5563.64 (resolved driver for Chrome 111)
9148 [main] INFO io.github.bonigarcia.wdm.WebDriverManager - Exporting webdriver.chrome.driver as C:\Users\sowji\.cache\selenium\chromedriver\win32\111.0.5563.64\chromedriver.exe
Starting ChromeDriver 111.0.5563.64 (c710e93d5b63b7095afe8c2c17df34408078439d-refs/branch-heads/5563@{#995}) on port 7075
Only local connections are allowed.
Please see https://chromedriver.chromium.org/security-considerations for suggestions on keeping ChromeDriver safe.
ChromeDriver was started successfully.
Mar 19, 2023 4:53:21 PM org.openqa.selenium.devtools.CdpVersionFinder findNearestMatch
WARNING: Unable to find CDP implementation matching 111
Mar 19, 2023 4:53:21 PM org.openqa.selenium.chromium.ChromiumDriver lambda$new$3
WARNING: Unable to find version of CDP to use for . You may need to include a dependency on a specific version of the CDP using something similar to `org.seleniumhq.selenium:selenium-devtools-v86:4.8.1` where the version ("v86") matches the version of the chromium-based browser you're using and the version number of the artifact is the same as Selenium's.
]]></system-err>
  </testcase>
  <testcase name="runScenario[&quot;Inserting a new Category&quot;, &quot;Inserting data into the database&quot;](3)" classname="runner.TestRunner" time="62.134">
    <system-out><![CDATA[Test Started insertcategory is : 
Select * FROM Category WHERE name = 'Datapeb';
Test Started deletecategory is : 
]]></system-out>
    <system-err><![CDATA[10790 [main] INFO io.github.bonigarcia.wdm.WebDriverManager - Using chromedriver 111.0.5563.64 (resolved driver for Chrome 111)
10813 [main] INFO io.github.bonigarcia.wdm.WebDriverManager - Exporting webdriver.chrome.driver as C:\Users\sowji\.cache\selenium\chromedriver\win32\111.0.5563.64\chromedriver.exe
Starting ChromeDriver 111.0.5563.64 (c710e93d5b63b7095afe8c2c17df34408078439d-refs/branch-heads/5563@{#995}) on port 2507
Only local connections are allowed.
Please see https://chromedriver.chromium.org/security-considerations for suggestions on keeping ChromeDriver safe.
ChromeDriver was started successfully.
Mar 19, 2023 4:53:23 PM org.openqa.selenium.devtools.CdpVersionFinder findNearestMatch
WARNING: Unable to find CDP implementation matching 111
Mar 19, 2023 4:53:23 PM org.openqa.selenium.chromium.ChromiumDriver lambda$new$3
WARNING: Unable to find version of CDP to use for . You may need to include a dependency on a specific version of the CDP using something similar to `org.seleniumhq.selenium:selenium-devtools-v86:4.8.1` where the version ("v86") matches the version of the chromium-based browser you're using and the version number of the artifact is the same as Selenium's.
Loading class `com.mysql.jdbc.Driver'. This is deprecated. The new driver class is `com.mysql.cj.jdbc.Driver'. The driver is automatically registered via the SPI and manual loading of the driver class is generally unnecessary.
]]></system-err>
  </testcase>
  <testcase name="runScenario[&quot;Delete a new Category&quot;, &quot;Inserting data into the database&quot;](4)" classname="runner.TestRunner" time="1.352">
    <system-out><![CDATA[DELETE FROM Category WHERE name = 'Datapeb';
Test Started deletecategory
Record deleted
]]></system-out>
    <system-err><![CDATA[73212 [main] INFO io.github.bonigarcia.wdm.WebDriverManager - Using chromedriver 111.0.5563.64 (resolved driver for Chrome 111)
73241 [main] INFO io.github.bonigarcia.wdm.WebDriverManager - Exporting webdriver.chrome.driver as C:\Users\sowji\.cache\selenium\chromedriver\win32\111.0.5563.64\chromedriver.exe
Starting ChromeDriver 111.0.5563.64 (c710e93d5b63b7095afe8c2c17df34408078439d-refs/branch-heads/5563@{#995}) on port 17188
Only local connections are allowed.
Please see https://chromedriver.chromium.org/security-considerations for suggestions on keeping ChromeDriver safe.
ChromeDriver was started successfully.
Mar 19, 2023 4:54:26 PM org.openqa.selenium.devtools.CdpVersionFinder findNearestMatch
WARNING: Unable to find CDP implementation matching 111
Mar 19, 2023 4:54:26 PM org.openqa.selenium.chromium.ChromiumDriver lambda$new$3
WARNING: Unable to find version of CDP to use for . You may need to include a dependency on a specific version of the CDP using something similar to `org.seleniumhq.selenium:selenium-devtools-v86:4.8.1` where the version ("v86") matches the version of the chromium-based browser you're using and the version number of the artifact is the same as Selenium's.
]]></system-err>
  </testcase>
  <testcase name="runScenario[&quot;Add a new User&quot;, &quot;Inserting data into the database&quot;](5)" classname="runner.TestRunner" time="5.282">
    <system-out><![CDATA[Inserted User to database
]]></system-out>
    <system-err><![CDATA[74809 [main] INFO io.github.bonigarcia.wdm.WebDriverManager - Using chromedriver 111.0.5563.64 (resolved driver for Chrome 111)
74827 [main] INFO io.github.bonigarcia.wdm.WebDriverManager - Exporting webdriver.chrome.driver as C:\Users\sowji\.cache\selenium\chromedriver\win32\111.0.5563.64\chromedriver.exe
Starting ChromeDriver 111.0.5563.64 (c710e93d5b63b7095afe8c2c17df34408078439d-refs/branch-heads/5563@{#995}) on port 21229
Only local connections are allowed.
Please see https://chromedriver.chromium.org/security-considerations for suggestions on keeping ChromeDriver safe.
ChromeDriver was started successfully.
Mar 19, 2023 4:54:27 PM org.openqa.selenium.devtools.CdpVersionFinder findNearestMatch
WARNING: Unable to find CDP implementation matching 111
Mar 19, 2023 4:54:27 PM org.openqa.selenium.chromium.ChromiumDriver lambda$new$3
WARNING: Unable to find version of CDP to use for . You may need to include a dependency on a specific version of the CDP using something similar to `org.seleniumhq.selenium:selenium-devtools-v86:4.8.1` where the version ("v86") matches the version of the chromium-based browser you're using and the version number of the artifact is the same as Selenium's.
]]></system-err>
  </testcase>
  <testcase name="runScenario[&quot;Register as an User&quot;, &quot;Login into medicare Application&quot;](6)" classname="runner.TestRunner" time="13.291">
    <system-err><![CDATA[80456 [main] INFO io.github.bonigarcia.wdm.WebDriverManager - Using chromedriver 111.0.5563.64 (resolved driver for Chrome 111)
80473 [main] INFO io.github.bonigarcia.wdm.WebDriverManager - Exporting webdriver.chrome.driver as C:\Users\sowji\.cache\selenium\chromedriver\win32\111.0.5563.64\chromedriver.exe
Starting ChromeDriver 111.0.5563.64 (c710e93d5b63b7095afe8c2c17df34408078439d-refs/branch-heads/5563@{#995}) on port 40521
Only local connections are allowed.
Please see https://chromedriver.chromium.org/security-considerations for suggestions on keeping ChromeDriver safe.
ChromeDriver was started successfully.
Mar 19, 2023 4:54:33 PM org.openqa.selenium.devtools.CdpVersionFinder findNearestMatch
WARNING: Unable to find CDP implementation matching 111
Mar 19, 2023 4:54:33 PM org.openqa.selenium.chromium.ChromiumDriver lambda$new$3
WARNING: Unable to find version of CDP to use for . You may need to include a dependency on a specific version of the CDP using something similar to `org.seleniumhq.selenium:selenium-devtools-v86:4.8.1` where the version ("v86") matches the version of the chromium-based browser you're using and the version number of the artifact is the same as Selenium's.
]]></system-err>
  </testcase>
  <testcase name="runScenario[&quot;Login into medicare as an User&quot;, &quot;Login into medicare Application&quot;](7)" classname="runner.TestRunner" time="16.947">
    <system-out><![CDATA[
Scenario: Retrieving a list of Products                      # features/B_API.feature:3
  Given the API endpoint is "http://localhost:8080/medicare" # stepsDefinitions.API_viewallProductsSteps.theAPIEndpointIs(java.lang.String)
  When a GET request is sent                                 # stepsDefinitions.API_viewallProductsSteps.aGETRequestIsSent()
  Then the response status code should be 200                # stepsDefinitions.API_viewallProductsSteps.theResponseStatusCodeShouldBe(java.lang.Integer)
  And Validate cookies and hearder                           # stepsDefinitions.API_viewallProductsSteps.validateCookiesAndHearder()
  And the response should contain a list of Products         # stepsDefinitions.API_viewallProductsSteps.theResponseShouldContainAListOfProducts()
  And Validate the products in UI and API                    # stepsDefinitions.API_viewallProductsSteps.validateTheProductsInUIAndAPI()

Scenario: Delete a single category Products                      # features/B_API.feature:13
  Given the API endpoint is "http://localhost:8080/medicare"     # stepsDefinitions.API_viewallProductsSteps.theAPIEndpointIs(java.lang.String)
  When a GET request is sent to fect Category Products           # stepsDefinitions.API_viewCatProductSteps.a_get_request_is_sent_to_fect_category_products()
  Then the response status code of Category should be 200        # stepsDefinitions.API_viewCatProductSteps.the_response_status_code_of_category_should_be(java.lang.Integer)
  And Validate category cookies and hearder                      # stepsDefinitions.API_viewCatProductSteps.validate_category_cookies_and_hearder()
  And the response should contain a list of Products in category # stepsDefinitions.API_viewCatProductSteps.the_response_should_contain_a_list_of_Products_in_category()
  And Validate the Category products in UI and API               # stepsDefinitions.API_viewCatProductSteps.validate_the_category_products_in_ui_and_api()

Scenario: Inserting a new Category                       # features/DBTest.feature:3
  Given I have a database connection                     # stepsDefinitions.D_InsertSteps.i_have_a_database_connection()
  When I insert a new Category with name and description # stepsDefinitions.D_InsertSteps.i_insert_a_new_category_with_name_and_description()
  Then the Category should be added to the database      # stepsDefinitions.D_InsertSteps.the_category_should_be_added_to_the_database()
  Then check Category Displaying in GUI                  # stepsDefinitions.D_InsertSteps.check_category_displaying_in_GUI()
  And Close the driver                                   # stepsDefinitions.D_InsertSteps.close_the_driver()

Scenario: Delete a new Category                         # features/DBTest.feature:10
  Given I have a database connection                    # stepsDefinitions.D_InsertSteps.i_have_a_database_connection()
  When I delete new Category with name                  # stepsDefinitions.D_DeleteSteps.i_delete_new_category_with_name()
  Then the Category should be deleted from the database # stepsDefinitions.D_DeleteSteps.the_category_should_be_deleted_from_the_database()
  And Close the driver                                  # stepsDefinitions.D_InsertSteps.close_the_driver()

Scenario: Add a new User                                 # features/DBTest.feature:16
  Given I have a database connection                     # stepsDefinitions.D_InsertSteps.i_have_a_database_connection()
  When I Add new User with required details              # stepsDefinitions.D_InsertUser.i_add_new_user_with_required_details()
  Then the User should be added to the database          # stepsDefinitions.D_InsertUser.the_user_should_be_added_to_the_database()
  And Close the driver                                   # stepsDefinitions.D_InsertSteps.close_the_driver()
  When User launch the URL.                              # stepsDefinitions.LoginStepss.user_launch_the_url()
  And Click on login                                     # stepsDefinitions.LoginStepss.click_on_login()
  And Validate lated on Loginpage of medicare            # stepsDefinitions.LoginStepss.validate_lated_on_loginpage_of_medicare()
  And Enter the user "vs@gmail.com" and password "12345" # stepsDefinitions.LoginStepss.enter_the_user_and_password(java.lang.String,java.lang.String)
  And click on login button                              # stepsDefinitions.LoginStepss.click_on_login_button()
  Then Validate Admin/User logged into the application   # stepsDefinitions.LoginStepss.validate_admin_user_logged_into_the_application()

Scenario: Register as an User                                                                # features/UITest.feature:9
  Given User launch the URL.                                                                 # stepsDefinitions.LoginStepss.user_launch_the_url()
  Then Click on login                                                                        # stepsDefinitions.LoginStepss.click_on_login()
  When Validate Home Page                                                                    # stepsDefinitions.RegisterSteps.validate_home_page()
  And Click on Register User                                                                 # stepsDefinitions.RegisterSteps.click_on_register_user()
  And Enter required personal details                                                        # stepsDefinitions.RegisterSteps.enter_required_personal_details()
  And select the Role                                                                        # stepsDefinitions.RegisterSteps.select_the_role()
  Then click on Next - Billing                                                               # stepsDefinitions.RegisterSteps.click_on_next_billing()
  When Enter the address details                                                             # stepsDefinitions.RegisterSteps.enter_the_address_details()
  Then click on next - confirm and validate Previous is enable to click and click on confirm # stepsDefinitions.RegisterSteps.click_on_next_confirm_and_validate_previous_is_enable_to_click_and_click_on_confirm()
  And Validate Welcom page should be displayed and click on login here                       # stepsDefinitions.RegisterSteps.validate_welcom_page_should_be_displayed_and_click_on_login_here()
  When Validate lated on Loginpage of medicare                                               # stepsDefinitions.LoginStepss.validate_lated_on_loginpage_of_medicare()
  And Enter the user and password                                                            # stepsDefinitions.RegisterSteps.enter_the_user_and_password()
  And click on login button                                                                  # stepsDefinitions.LoginStepss.click_on_login_button()
  Then Validate User logged into the application check the new user name added or not        # stepsDefinitions.RegisterSteps.validate_user_logged_into_the_application_check_the_new_user_name_added_or_not()
  And Log out of the application                                                             # stepsDefinitions.LoginStepss.Log_out_of_the_application()

Scenario: Login into medicare as an User                                   # features/UITest.feature:25
  Given User launch the URL.                                               # stepsDefinitions.LoginStepss.user_launch_the_url()
  Then Click on login                                                      # stepsDefinitions.LoginStepss.click_on_login()
  When Validate lated on Loginpage of medicare                             # stepsDefinitions.LoginStepss.validate_lated_on_loginpage_of_medicare()
  And Enter the user "kn@gmail.com" and password "12345"                   # stepsDefinitions.LoginStepss.enter_the_user_and_password(java.lang.String,java.lang.String)
  And click on login button                                                # stepsDefinitions.LoginStepss.click_on_login_button()
  Then Validate Admin/User logged into the application                     # stepsDefinitions.LoginStepss.validate_admin_user_logged_into_the_application()
  When Click on view Products                                              # stepsDefinitions.PrParacetamol
Combiflame
Diclofenac
Aceclofenac
Amoxicillin
[Paracetamol, Combiflame, Diclofenac, Aceclofenac, Amoxicillin]
]]></system-out>
    <system-err><![CDATA[94147 [main] INFO io.github.bonigarcia.wdm.WebDriverManager - Using chromedriver 111.0.5563.64 (resolved driver for Chrome 111)
94176 [main] INFO io.github.bonigarcia.wdm.WebDriverManager - Exporting webdriver.chrome.driver as C:\Users\sowji\.cache\selenium\chromedriver\win32\111.0.5563.64\chromedriver.exe
Starting ChromeDriver 111.0.5563.64 (c710e93d5b63b7095afe8c2c17df34408078439d-refs/branch-heads/5563@{#995}) on port 7035
Only local connections are allowed.
Please see https://chromedriver.chromium.org/security-considerations for suggestions on keeping ChromeDriver safe.
ChromeDriver was started successfully.
Mar 19, 2023 4:54:46 PM org.openqa.selenium.devtools.CdpVersionFinder findNearestMatch
WARNING: Unable to find CDP implementation matching 111
Mar 19, 2023 4:54:46 PM org.openqa.selenium.chromium.ChromiumDriver lambda$new$3
WARNING: Unable to find version of CDP to use for . You may need to include a dependency on a specific version of the CDP using something similar to `org.seleniumhq.selenium:selenium-devtools-v86:4.8.1` where the version ("v86") matches the version of the chromium-based browser you're using and the version number of the artifact is the same as Selenium's.
]]></system-err>
  </testcase>
  <testcase name="runScenario[&quot;Login into medicare as an User&quot;, &quot;Login into medicare Application&quot;](8)" classname="runner.TestRunner" time="9.506">
    <system-err><![CDATA[111342 [main] INFO io.github.bonigarcia.wdm.WebDriverManager - Using chromedriver 111.0.5563.64 (resolved driver for Chrome 111)
111370 [main] INFO io.github.bonigarcia.wdm.WebDriverManager - Exporting webdriver.chrome.driver as C:\Users\sowji\.cache\selenium\chromedriver\win32\111.0.5563.64\chromedriver.exe
Starting ChromeDriver 111.0.5563.64 (c710e93d5b63b7095afe8c2c17df34408078439d-refs/branch-heads/5563@{#995}) on port 17395
Only local connections are allowed.
Please see https://chromedriver.chromium.org/security-considerations for suggestions on keeping ChromeDriver safe.
ChromeDriver was started successfully.
Mar 19, 2023 4:55:03 PM org.openqa.selenium.devtools.CdpVersionFinder findNearestMatch
WARNING: Unable to find CDP implementation matching 111
Mar 19, 2023 4:55:03 PM org.openqa.selenium.chromium.ChromiumDriver lambda$new$3
WARNING: Unable to find version of CDP to use for . You may need to include a dependency on a specific version of the CDP using something similar to `org.seleniumhq.selenium:selenium-devtools-v86:4.8.1` where the version ("v86") matches the version of the chromium-based browser you're using and the version number of the artifact is the same as Selenium's.
]]></system-err>
  </testcase>
  <testcase name="runScenario[&quot;Add Catgory to Application as an Admin&quot;, &quot;Login into medicare Application&quot;](9)" classname="runner.TestRunner" time="8.867">
    <system-err><![CDATA[121156 [main] INFO io.github.bonigarcia.wdm.WebDriverManager - Using chromedriver 111.0.5563.64 (resolved driver for Chrome 111)
121193 [main] INFO io.github.bonigarcia.wdm.WebDriverManager - Exporting webdriver.chrome.driver as C:\Users\sowji\.cache\selenium\chromedriver\win32\111.0.5563.64\chromedriver.exe
Starting ChromeDriver 111.0.5563.64 (c710e93d5b63b7095afe8c2c17df34408078439d-refs/branch-heads/5563@{#995}) on port 33236
Only local connections are allowed.
Please see https://chromedriver.chromium.org/security-considerations for suggestions on keeping ChromeDriver safe.
ChromeDriver was started successfully.
Mar 19, 2023 4:55:13 PM org.openqa.selenium.devtools.CdpVersionFinder findNearestMatch
WARNING: Unable to find CDP implementation matching 111
Mar 19, 2023 4:55:13 PM org.openqa.selenium.chromium.ChromiumDriver lambda$new$3
WARNING: Unable to find version of CDP to use for . You may need to include a dependency on a specific version of the CDP using something similar to `org.seleniumhq.selenium:selenium-devtools-v86:4.8.1` where the version ("v86") matches the version of the chromium-based browser you're using and the version number of the artifact is the same as Selenium's.
]]></system-err>
  </testcase>
</testsuite>