<?xml version="1.0" encoding="UTF-8"?>
<!-- Generated by org.testng.reporters.JUnitReportReporter -->
<testsuite hostname="MOMDAD" failures="0" tests="9" name="runner.TestRunner" time="109.186" errors="0" timestamp="2023-03-19T10:07:39 IST" skipped="0">
  <testcase classname="runner.TestRunner" name="runScenario" time="10.190"/>
  <system-out/>
  <testcase classname="runner.TestRunner" name="runScenario" time="6.534"/>
  <system-out/>
  <testcase classname="runner.TestRunner" name="runScenario" time="14.186"/>
  <system-out/>
  <testcase classname="runner.TestRunner" name="runScenario" time="0.793"/>
  <system-out/>
  <testcase classname="runner.TestRunner" name="runScenario" time="5.105"/>
  <system-out/>
  <testcase classname="runner.TestRunner" name="runScenario" time="0.902"/>
  <system-out/>
  <testcase classname="runner.TestRunner" name="runScenario" time="3.650"/>
  <system-out/>
  <testcase classname="runner.TestRunner" name="runScenario" time="6.459"/>
  <system-out/>
  <testcase classname="runner.TestRunner" name="runScenario" time="61.367"/>
  <system-out/>
</testsuite> <!-- runner.TestRunner -->
