<?xml version="1.0" encoding="UTF-8"?>
<!-- Generated by org.testng.reporters.JUnitReportReporter -->
<testsuite hostname="MOMDAD" failures="0" tests="9" name="runner.TestRunner" time="128.131" errors="0" timestamp="2023-03-19T16:55:23 IST" skipped="0">
  <testcase classname="runner.TestRunner" name="runScenario" time="9.506"/>
  <system-out/>
  <testcase classname="runner.TestRunner" name="runScenario" time="1.461"/>
  <system-out/>
  <testcase classname="runner.TestRunner" name="runScenario" time="5.284"/>
  <system-out/>
  <testcase classname="runner.TestRunner" name="runScenario" time="16.947"/>
  <system-out/>
  <testcase classname="runner.TestRunner" name="runScenario" time="9.289"/>
  <system-out/>
  <testcase classname="runner.TestRunner" name="runScenario" time="8.867"/>
  <system-out/>
  <testcase classname="runner.TestRunner" name="runScenario" time="1.351"/>
  <system-out/>
  <testcase classname="runner.TestRunner" name="runScenario" time="62.135"/>
  <system-out/>
  <testcase classname="runner.TestRunner" name="runScenario" time="13.291"/>
  <system-out/>
</testsuite> <!-- runner.TestRunner -->
